2025-10-25 23:49:08,749 - INFO - Esperando mensajes en Redis...
2025-10-25 23:49:08,768 - INFO - Conexión a PostgreSQL exitosa.
2025-10-25 23:49:14,236 - INFO - Nuevo mensaje recibido. Consultando último registro en raw_weather_data...
2025-10-25 23:49:14,241 - INFO - Registro insertado en weather_data con timestamp 2025-10-25 23:49:14.237436+00:00
2025-10-25 23:49:29,937 - INFO - Nuevo mensaje recibido. Consultando último registro en raw_weather_data...
2025-10-25 23:49:29,944 - INFO - Registro insertado en weather_data con timestamp 2025-10-25 23:49:14.237436+00:00
2025-10-25 23:49:45,677 - INFO - Nuevo mensaje recibido. Consultando último registro en raw_weather_data...
2025-10-25 23:49:45,684 - INFO - Registro insertado en weather_data con timestamp 2025-10-25 23:49:29.939894+00:00
2025-10-25 23:50:01,936 - INFO - Nuevo mensaje recibido. Consultando último registro en raw_weather_data...
2025-10-25 23:50:01,939 - INFO - Registro insertado en weather_data con timestamp 2025-10-25 23:49:45.678783+00:00
2025-10-25 23:50:17,677 - INFO - Nuevo mensaje recibido. Consultando último registro en raw_weather_data...
2025-10-25 23:50:17,681 - INFO - Registro insertado en weather_data con timestamp 2025-10-25 23:50:01.936077+00:00
2025-10-25 23:50:33,420 - INFO - Nuevo mensaje recibido. Consultando último registro en raw_weather_data...
2025-10-25 23:50:33,426 - INFO - Registro insertado en weather_data con timestamp 2025-10-25 23:50:17.679281+00:00
2025-10-25 23:50:49,126 - INFO - Nuevo mensaje recibido. Consultando último registro en raw_weather_data...
2025-10-25 23:50:49,132 - INFO - Registro insertado en weather_data con timestamp 2025-10-25 23:50:33.422498+00:00
2025-10-25 23:51:04,866 - INFO - Nuevo mensaje recibido. Consultando último registro en raw_weather_data...
2025-10-25 23:51:04,870 - INFO - Registro insertado en weather_data con timestamp 2025-10-25 23:50:49.126779+00:00
2025-10-25 23:51:20,619 - INFO - Nuevo mensaje recibido. Consultando último registro en raw_weather_data...
2025-10-25 23:51:20,623 - INFO - Registro insertado en weather_data con timestamp 2025-10-25 23:51:04.867634+00:00
2025-10-25 23:51:36,359 - INFO - Nuevo mensaje recibido. Consultando último registro en raw_weather_data...
2025-10-25 23:51:36,364 - INFO - Registro insertado en weather_data con timestamp 2025-10-25 23:51:20.619308+00:00
2025-10-25 23:51:52,056 - INFO - Nuevo mensaje recibido. Consultando último registro en raw_weather_data...
2025-10-25 23:51:52,062 - INFO - Registro insertado en weather_data con timestamp 2025-10-25 23:51:36.359876+00:00
2025-10-25 23:52:07,795 - INFO - Nuevo mensaje recibido. Consultando último registro en raw_weather_data...
2025-10-25 23:52:07,800 - INFO - Registro insertado en weather_data con timestamp 2025-10-25 23:51:52.057065+00:00
2025-10-25 23:52:23,537 - INFO - Nuevo mensaje recibido. Consultando último registro en raw_weather_data...
2025-10-25 23:52:23,539 - INFO - Registro insertado en weather_data con timestamp 2025-10-25 23:52:07.795301+00:00
2025-10-25 23:52:39,277 - INFO - Nuevo mensaje recibido. Consultando último registro en raw_weather_data...
2025-10-25 23:52:39,280 - INFO - Registro insertado en weather_data con timestamp 2025-10-25 23:52:23.538682+00:00
2025-10-25 23:52:55,014 - INFO - Nuevo mensaje recibido. Consultando último registro en raw_weather_data...
2025-10-25 23:52:55,019 - INFO - Registro insertado en weather_data con timestamp 2025-10-25 23:52:39.277991+00:00
2025-10-25 23:53:10,752 - INFO - Nuevo mensaje recibido. Consultando último registro en raw_weather_data...
2025-10-25 23:53:10,757 - INFO - Registro insertado en weather_data con timestamp 2025-10-25 23:52:55.014761+00:00
2025-10-25 23:53:26,459 - INFO - Nuevo mensaje recibido. Consultando último registro en raw_weather_data...
2025-10-25 23:53:26,464 - INFO - Registro insertado en weather_data con timestamp 2025-10-25 23:53:10.752794+00:00
2025-10-25 23:53:42,201 - INFO - Nuevo mensaje recibido. Consultando último registro en raw_weather_data...
2025-10-25 23:53:42,205 - INFO - Registro insertado en weather_data con timestamp 2025-10-25 23:53:26.460398+00:00
2025-10-25 23:53:57,942 - INFO - Nuevo mensaje recibido. Consultando último registro en raw_weather_data...
2025-10-25 23:53:57,947 - INFO - Registro insertado en weather_data con timestamp 2025-10-25 23:53:42.203381+00:00
2025-10-25 23:54:13,677 - INFO - Nuevo mensaje recibido. Consultando último registro en raw_weather_data...
2025-10-25 23:54:13,680 - INFO - Registro insertado en weather_data con timestamp 2025-10-25 23:53:57.943356+00:00
2025-10-25 23:54:29,381 - INFO - Nuevo mensaje recibido. Consultando último registro en raw_weather_data...
2025-10-25 23:54:29,388 - INFO - Registro insertado en weather_data con timestamp 2025-10-25 23:54:13.677661+00:00
2025-10-25 23:56:23,838 - INFO - Esperando mensajes en Redis...
2025-10-25 23:56:23,858 - INFO - Conexión a PostgreSQL exitosa.
2025-10-25 23:56:30,299 - INFO - Nuevo mensaje recibido. Consultando último registro en raw_weather_data...
2025-10-25 23:56:30,306 - INFO - Registro insertado en weather_data con timestamp 2025-10-25 23:56:30.300383+00:00
2025-10-25 23:56:46,000 - INFO - Nuevo mensaje recibido. Consultando último registro en raw_weather_data...
2025-10-25 23:56:46,004 - INFO - Registro insertado en weather_data con timestamp 2025-10-25 23:56:30.300383+00:00
2025-10-25 23:57:01,737 - INFO - Nuevo mensaje recibido. Consultando último registro en raw_weather_data...
2025-10-25 23:57:01,744 - INFO - Registro insertado en weather_data con timestamp 2025-10-25 23:56:46.000444+00:00
2025-10-25 23:57:17,472 - INFO - Nuevo mensaje recibido. Consultando último registro en raw_weather_data...
2025-10-25 23:57:17,480 - INFO - Registro insertado en weather_data con timestamp 2025-10-25 23:57:01.738429+00:00
2025-10-25 23:57:33,213 - INFO - Nuevo mensaje recibido. Consultando último registro en raw_weather_data...
2025-10-25 23:57:33,216 - INFO - Registro insertado en weather_data con timestamp 2025-10-25 23:57:17.472650+00:00
2025-10-25 23:57:48,910 - INFO - Nuevo mensaje recibido. Consultando último registro en raw_weather_data...
2025-10-25 23:57:48,913 - INFO - Registro insertado en weather_data con timestamp 2025-10-25 23:57:33.213363+00:00
2025-10-25 23:58:04,656 - INFO - Nuevo mensaje recibido. Consultando último registro en raw_weather_data...
2025-10-25 23:58:04,661 - INFO - Registro insertado en weather_data con timestamp 2025-10-25 23:57:48.910940+00:00
2025-10-25 23:58:20,397 - INFO - Nuevo mensaje recibido. Consultando último registro en raw_weather_data...
2025-10-25 23:58:20,402 - INFO - Registro insertado en weather_data con timestamp 2025-10-25 23:58:04.656768+00:00
2025-10-25 23:58:36,144 - INFO - Nuevo mensaje recibido. Consultando último registro en raw_weather_data...
2025-10-25 23:58:36,151 - INFO - Registro insertado en weather_data con timestamp 2025-10-25 23:58:20.398916+00:00
2025-10-25 23:58:51,881 - INFO - Nuevo mensaje recibido. Consultando último registro en raw_weather_data...
2025-10-25 23:58:51,886 - INFO - Registro insertado en weather_data con timestamp 2025-10-25 23:58:36.145565+00:00
2025-10-25 23:59:07,625 - INFO - Nuevo mensaje recibido. Consultando último registro en raw_weather_data...
2025-10-25 23:59:07,630 - INFO - Registro insertado en weather_data con timestamp 2025-10-25 23:58:51.881904+00:00
2025-10-25 23:59:23,321 - INFO - Nuevo mensaje recibido. Consultando último registro en raw_weather_data...
2025-10-25 23:59:23,325 - INFO - Registro insertado en weather_data con timestamp 2025-10-25 23:59:07.626115+00:00
2025-10-25 23:59:39,085 - INFO - Nuevo mensaje recibido. Consultando último registro en raw_weather_data...
2025-10-25 23:59:39,089 - INFO - Registro insertado en weather_data con timestamp 2025-10-25 23:59:23.321256+00:00
2025-10-25 23:59:54,825 - INFO - Nuevo mensaje recibido. Consultando último registro en raw_weather_data...
2025-10-25 23:59:54,829 - INFO - Registro insertado en weather_data con timestamp 2025-10-25 23:59:39.085625+00:00
2025-10-26 00:00:10,628 - INFO - Nuevo mensaje recibido. Consultando último registro en raw_weather_data...
2025-10-26 00:00:10,634 - INFO - Registro insertado en weather_data con timestamp 2025-10-25 23:59:54.826806+00:00
2025-10-26 00:00:26,367 - INFO - Nuevo mensaje recibido. Consultando último registro en raw_weather_data...
2025-10-26 00:00:26,371 - INFO - Registro insertado en weather_data con timestamp 2025-10-26 00:00:10.629596+00:00
2025-10-26 00:00:42,129 - INFO - Nuevo mensaje recibido. Consultando último registro en raw_weather_data...
2025-10-26 00:00:42,134 - INFO - Registro insertado en weather_data con timestamp 2025-10-26 00:00:26.367582+00:00
2025-10-26 00:00:57,852 - INFO - Nuevo mensaje recibido. Consultando último registro en raw_weather_data...
2025-10-26 00:00:57,858 - INFO - Registro insertado en weather_data con timestamp 2025-10-26 00:00:42.130588+00:00
2025-10-26 00:01:13,591 - INFO - Nuevo mensaje recibido. Consultando último registro en raw_weather_data...
2025-10-26 00:01:13,595 - INFO - Registro insertado en weather_data con timestamp 2025-10-26 00:00:57.853392+00:00
2025-10-26 00:01:29,344 - INFO - Nuevo mensaje recibido. Consultando último registro en raw_weather_data...
2025-10-26 00:01:29,349 - INFO - Registro insertado en weather_data con timestamp 2025-10-26 00:01:13.592174+00:00
2025-10-26 00:01:45,105 - INFO - Nuevo mensaje recibido. Consultando último registro en raw_weather_data...
2025-10-26 00:01:45,108 - INFO - Registro insertado en weather_data con timestamp 2025-10-26 00:01:29.344781+00:00
2025-10-26 00:02:00,823 - INFO - Nuevo mensaje recibido. Consultando último registro en raw_weather_data...
2025-10-26 00:02:00,827 - INFO - Registro insertado en weather_data con timestamp 2025-10-26 00:01:45.105950+00:00
2025-10-26 00:02:16,598 - INFO - Nuevo mensaje recibido. Consultando último registro en raw_weather_data...
2025-10-26 00:02:16,602 - INFO - Registro insertado en weather_data con timestamp 2025-10-26 00:02:00.823565+00:00
2025-10-26 00:02:32,354 - INFO - Nuevo mensaje recibido. Consultando último registro en raw_weather_data...
2025-10-26 00:02:32,357 - INFO - Registro insertado en weather_data con timestamp 2025-10-26 00:02:16.598392+00:00
2025-10-26 00:02:48,112 - INFO - Nuevo mensaje recibido. Consultando último registro en raw_weather_data...
2025-10-26 00:02:48,118 - INFO - Registro insertado en weather_data con timestamp 2025-10-26 00:02:32.355592+00:00
2025-10-26 00:03:03,814 - INFO - Nuevo mensaje recibido. Consultando último registro en raw_weather_data...
2025-10-26 00:03:03,817 - INFO - Registro insertado en weather_data con timestamp 2025-10-26 00:02:48.112919+00:00
2025-10-26 00:03:19,581 - INFO - Nuevo mensaje recibido. Consultando último registro en raw_weather_data...
2025-10-26 00:03:19,585 - INFO - Registro insertado en weather_data con timestamp 2025-10-26 00:03:03.815044+00:00
2025-10-26 00:03:35,327 - INFO - Nuevo mensaje recibido. Consultando último registro en raw_weather_data...
2025-10-26 00:03:35,333 - INFO - Registro insertado en weather_data con timestamp 2025-10-26 00:03:19.582404+00:00
2025-10-26 00:03:51,070 - INFO - Nuevo mensaje recibido. Consultando último registro en raw_weather_data...
2025-10-26 00:03:51,076 - INFO - Registro insertado en weather_data con timestamp 2025-10-26 00:03:35.329149+00:00
2025-10-26 00:04:06,813 - INFO - Nuevo mensaje recibido. Consultando último registro en raw_weather_data...
2025-10-26 00:04:06,818 - INFO - Registro insertado en weather_data con timestamp 2025-10-26 00:03:51.071120+00:00
2025-10-26 00:04:22,520 - INFO - Nuevo mensaje recibido. Consultando último registro en raw_weather_data...
2025-10-26 00:04:22,524 - INFO - Registro insertado en weather_data con timestamp 2025-10-26 00:04:06.814155+00:00
2025-10-26 00:04:38,276 - INFO - Nuevo mensaje recibido. Consultando último registro en raw_weather_data...
2025-10-26 00:04:38,284 - INFO - Registro insertado en weather_data con timestamp 2025-10-26 00:04:22.522277+00:00
2025-10-26 00:04:54,016 - INFO - Nuevo mensaje recibido. Consultando último registro en raw_weather_data...
2025-10-26 00:04:54,021 - INFO - Registro insertado en weather_data con timestamp 2025-10-26 00:04:38.277991+00:00
2025-10-26 00:05:09,753 - INFO - Nuevo mensaje recibido. Consultando último registro en raw_weather_data...
2025-10-26 00:05:09,756 - INFO - Registro insertado en weather_data con timestamp 2025-10-26 00:04:54.016772+00:00
2025-10-26 00:05:25,448 - INFO - Nuevo mensaje recibido. Consultando último registro en raw_weather_data...
2025-10-26 00:05:25,455 - INFO - Registro insertado en weather_data con timestamp 2025-10-26 00:05:09.753533+00:00
2025-10-26 00:05:41,189 - INFO - Nuevo mensaje recibido. Consultando último registro en raw_weather_data...
2025-10-26 00:05:41,194 - INFO - Registro insertado en weather_data con timestamp 2025-10-26 00:05:25.450853+00:00
2025-10-26 00:05:56,924 - INFO - Nuevo mensaje recibido. Consultando último registro en raw_weather_data...
2025-10-26 00:05:56,929 - INFO - Registro insertado en weather_data con timestamp 2025-10-26 00:05:41.189748+00:00
2025-10-26 00:06:12,666 - INFO - Nuevo mensaje recibido. Consultando último registro en raw_weather_data...
2025-10-26 00:06:12,672 - INFO - Registro insertado en weather_data con timestamp 2025-10-26 00:05:56.926119+00:00
2025-10-26 00:06:28,358 - INFO - Nuevo mensaje recibido. Consultando último registro en raw_weather_data...
2025-10-26 00:06:28,361 - INFO - Registro insertado en weather_data con timestamp 2025-10-26 00:06:12.667223+00:00
2025-10-26 00:06:44,098 - INFO - Nuevo mensaje recibido. Consultando último registro en raw_weather_data...
2025-10-26 00:06:44,104 - INFO - Registro insertado en weather_data con timestamp 2025-10-26 00:06:28.358328+00:00
2025-10-26 00:06:59,859 - INFO - Nuevo mensaje recibido. Consultando último registro en raw_weather_data...
2025-10-26 00:06:59,864 - INFO - Registro insertado en weather_data con timestamp 2025-10-26 00:06:44.100056+00:00
2025-10-26 00:07:15,595 - INFO - Nuevo mensaje recibido. Consultando último registro en raw_weather_data...
2025-10-26 00:07:15,599 - INFO - Registro insertado en weather_data con timestamp 2025-10-26 00:06:59.860101+00:00
2025-10-26 00:07:31,337 - INFO - Nuevo mensaje recibido. Consultando último registro en raw_weather_data...
2025-10-26 00:07:31,344 - INFO - Registro insertado en weather_data con timestamp 2025-10-26 00:07:15.595882+00:00
2025-10-26 00:07:47,046 - INFO - Nuevo mensaje recibido. Consultando último registro en raw_weather_data...
2025-10-26 00:07:47,055 - INFO - Registro insertado en weather_data con timestamp 2025-10-26 00:07:31.337758+00:00
2025-10-26 00:09:17,755 - INFO - Nuevo mensaje recibido. Consultando último registro en raw_weather_data...
2025-10-26 00:09:17,761 - INFO - Registro insertado en weather_data con timestamp 2025-10-26 00:07:47.046652+00:00
2025-10-26 00:09:33,500 - INFO - Nuevo mensaje recibido. Consultando último registro en raw_weather_data...
2025-10-26 00:09:33,504 - INFO - Registro insertado en weather_data con timestamp 2025-10-26 00:09:17.755883+00:00
2025-10-26 00:09:49,232 - INFO - Nuevo mensaje recibido. Consultando último registro en raw_weather_data...
2025-10-26 00:09:49,235 - INFO - Registro insertado en weather_data con timestamp 2025-10-26 00:09:33.500641+00:00
2025-10-26 00:10:04,975 - INFO - Nuevo mensaje recibido. Consultando último registro en raw_weather_data...
2025-10-26 00:10:04,981 - INFO - Registro insertado en weather_data con timestamp 2025-10-26 00:09:49.232169+00:00
2025-10-26 00:10:20,670 - INFO - Nuevo mensaje recibido. Consultando último registro en raw_weather_data...
2025-10-26 00:10:20,676 - INFO - Registro insertado en weather_data con timestamp 2025-10-26 00:10:04.976306+00:00
2025-10-26 00:10:36,405 - INFO - Nuevo mensaje recibido. Consultando último registro en raw_weather_data...
2025-10-26 00:10:36,412 - INFO - Registro insertado en weather_data con timestamp 2025-10-26 00:10:20.672036+00:00
2025-10-26 00:10:52,158 - INFO - Nuevo mensaje recibido. Consultando último registro en raw_weather_data...
2025-10-26 00:10:52,163 - INFO - Registro insertado en weather_data con timestamp 2025-10-26 00:10:36.407046+00:00
2025-10-26 00:11:07,899 - INFO - Nuevo mensaje recibido. Consultando último registro en raw_weather_data...
2025-10-26 00:11:07,905 - INFO - Registro insertado en weather_data con timestamp 2025-10-26 00:10:52.158644+00:00
2025-10-26 00:11:23,640 - INFO - Nuevo mensaje recibido. Consultando último registro en raw_weather_data...
2025-10-26 00:11:23,644 - INFO - Registro insertado en weather_data con timestamp 2025-10-26 00:11:07.900244+00:00
2025-10-26 00:11:39,329 - INFO - Nuevo mensaje recibido. Consultando último registro en raw_weather_data...
2025-10-26 00:11:39,333 - INFO - Registro insertado en weather_data con timestamp 2025-10-26 00:11:23.640334+00:00
2025-10-26 00:11:55,064 - INFO - Nuevo mensaje recibido. Consultando último registro en raw_weather_data...
2025-10-26 00:11:55,070 - INFO - Registro insertado en weather_data con timestamp 2025-10-26 00:11:39.330448+00:00
2025-10-26 00:12:10,798 - INFO - Nuevo mensaje recibido. Consultando último registro en raw_weather_data...
2025-10-26 00:12:10,802 - INFO - Registro insertado en weather_data con timestamp 2025-10-26 00:11:55.064986+00:00
2025-10-26 00:12:26,536 - INFO - Nuevo mensaje recibido. Consultando último registro en raw_weather_data...
2025-10-26 00:12:26,539 - INFO - Registro insertado en weather_data con timestamp 2025-10-26 00:12:10.798756+00:00
2025-10-26 00:12:42,272 - INFO - Nuevo mensaje recibido. Consultando último registro en raw_weather_data...
2025-10-26 00:12:42,278 - INFO - Registro insertado en weather_data con timestamp 2025-10-26 00:12:26.537097+00:00
2025-10-26 00:12:57,996 - INFO - Nuevo mensaje recibido. Consultando último registro en raw_weather_data...
2025-10-26 00:12:58,004 - INFO - Registro insertado en weather_data con timestamp 2025-10-26 00:12:42.273304+00:00
2025-10-26 00:13:13,725 - INFO - Nuevo mensaje recibido. Consultando último registro en raw_weather_data...
2025-10-26 00:13:13,730 - INFO - Registro insertado en weather_data con timestamp 2025-10-26 00:12:57.996870+00:00
2025-10-26 00:13:29,463 - INFO - Nuevo mensaje recibido. Consultando último registro en raw_weather_data...
2025-10-26 00:13:29,468 - INFO - Registro insertado en weather_data con timestamp 2025-10-26 00:13:13.726188+00:00
2025-10-26 00:13:45,204 - INFO - Nuevo mensaje recibido. Consultando último registro en raw_weather_data...
2025-10-26 00:13:45,207 - INFO - Registro insertado en weather_data con timestamp 2025-10-26 00:13:29.464819+00:00
2025-10-26 00:14:00,905 - INFO - Nuevo mensaje recibido. Consultando último registro en raw_weather_data...
2025-10-26 00:14:00,910 - INFO - Registro insertado en weather_data con timestamp 2025-10-26 00:13:45.205849+00:00
2025-10-26 00:14:16,642 - INFO - Nuevo mensaje recibido. Consultando último registro en raw_weather_data...
2025-10-26 00:14:16,645 - INFO - Registro insertado en weather_data con timestamp 2025-10-26 00:14:00.905624+00:00
2025-10-26 00:14:32,391 - INFO - Nuevo mensaje recibido. Consultando último registro en raw_weather_data...
2025-10-26 00:14:32,400 - INFO - Registro insertado en weather_data con timestamp 2025-10-26 00:14:16.642727+00:00
2025-10-26 00:14:48,149 - INFO - Nuevo mensaje recibido. Consultando último registro en raw_weather_data...
2025-10-26 00:14:48,155 - INFO - Registro insertado en weather_data con timestamp 2025-10-26 00:14:32.392689+00:00
2025-10-26 00:15:03,895 - INFO - Nuevo mensaje recibido. Consultando último registro en raw_weather_data...
2025-10-26 00:15:03,902 - INFO - Registro insertado en weather_data con timestamp 2025-10-26 00:14:48.150123+00:00
2025-10-26 00:15:19,608 - INFO - Nuevo mensaje recibido. Consultando último registro en raw_weather_data...
2025-10-26 00:15:19,615 - INFO - Registro insertado en weather_data con timestamp 2025-10-26 00:15:03.896629+00:00
2025-10-26 00:15:35,349 - INFO - Nuevo mensaje recibido. Consultando último registro en raw_weather_data...
2025-10-26 00:15:35,354 - INFO - Registro insertado en weather_data con timestamp 2025-10-26 00:15:19.608978+00:00
2025-10-26 00:15:51,110 - INFO - Nuevo mensaje recibido. Consultando último registro en raw_weather_data...
2025-10-26 00:15:51,117 - INFO - Registro insertado en weather_data con timestamp 2025-10-26 00:15:35.350350+00:00
2025-10-26 00:16:06,848 - INFO - Nuevo mensaje recibido. Consultando último registro en raw_weather_data...
2025-10-26 00:16:06,856 - INFO - Registro insertado en weather_data con timestamp 2025-10-26 00:15:51.110340+00:00
2025-10-26 00:16:22,581 - INFO - Nuevo mensaje recibido. Consultando último registro en raw_weather_data...
2025-10-26 00:16:22,585 - INFO - Registro insertado en weather_data con timestamp 2025-10-26 00:16:06.849665+00:00
2025-10-26 00:16:38,322 - INFO - Nuevo mensaje recibido. Consultando último registro en raw_weather_data...
2025-10-26 00:16:38,327 - INFO - Registro insertado en weather_data con timestamp 2025-10-26 00:16:22.583321+00:00
2025-10-26 00:16:54,025 - INFO - Nuevo mensaje recibido. Consultando último registro en raw_weather_data...
2025-10-26 00:16:54,029 - INFO - Registro insertado en weather_data con timestamp 2025-10-26 00:16:38.322995+00:00
2025-10-26 00:17:09,762 - INFO - Nuevo mensaje recibido. Consultando último registro en raw_weather_data...
2025-10-26 00:17:09,767 - INFO - Registro insertado en weather_data con timestamp 2025-10-26 00:16:54.025921+00:00
2025-10-26 00:17:25,499 - INFO - Nuevo mensaje recibido. Consultando último registro en raw_weather_data...
2025-10-26 00:17:25,505 - INFO - Registro insertado en weather_data con timestamp 2025-10-26 00:17:09.762808+00:00
2025-10-26 00:17:41,246 - INFO - Nuevo mensaje recibido. Consultando último registro en raw_weather_data...
2025-10-26 00:17:41,252 - INFO - Registro insertado en weather_data con timestamp 2025-10-26 00:17:25.499517+00:00
2025-10-26 00:17:56,981 - INFO - Nuevo mensaje recibido. Consultando último registro en raw_weather_data...
2025-10-26 00:17:56,986 - INFO - Registro insertado en weather_data con timestamp 2025-10-26 00:17:41.246940+00:00
2025-10-26 00:18:12,742 - INFO - Nuevo mensaje recibido. Consultando último registro en raw_weather_data...
2025-10-26 00:18:12,745 - INFO - Registro insertado en weather_data con timestamp 2025-10-26 00:17:56.981561+00:00
2025-10-26 00:18:28,476 - INFO - Nuevo mensaje recibido. Consultando último registro en raw_weather_data...
2025-10-26 00:18:28,481 - INFO - Registro insertado en weather_data con timestamp 2025-10-26 00:18:12.743379+00:00
2025-10-26 00:18:44,219 - INFO - Nuevo mensaje recibido. Consultando último registro en raw_weather_data...
2025-10-26 00:18:44,226 - INFO - Registro insertado en weather_data con timestamp 2025-10-26 00:18:28.476729+00:00
2025-10-26 00:18:59,957 - INFO - Nuevo mensaje recibido. Consultando último registro en raw_weather_data...
2025-10-26 00:18:59,962 - INFO - Registro insertado en weather_data con timestamp 2025-10-26 00:18:44.221065+00:00
2025-10-26 00:19:15,687 - INFO - Nuevo mensaje recibido. Consultando último registro en raw_weather_data...
2025-10-26 00:19:15,693 - INFO - Registro insertado en weather_data con timestamp 2025-10-26 00:18:59.957707+00:00
2025-10-26 00:19:31,383 - INFO - Nuevo mensaje recibido. Consultando último registro en raw_weather_data...
2025-10-26 00:19:31,387 - INFO - Registro insertado en weather_data con timestamp 2025-10-26 00:19:15.688537+00:00
2025-10-26 00:19:47,124 - INFO - Nuevo mensaje recibido. Consultando último registro en raw_weather_data...
2025-10-26 00:19:47,130 - INFO - Registro insertado en weather_data con timestamp 2025-10-26 00:19:31.384568+00:00
2025-10-26 00:20:03,182 - INFO - Nuevo mensaje recibido. Consultando último registro en raw_weather_data...
2025-10-26 00:20:03,186 - INFO - Registro insertado en weather_data con timestamp 2025-10-26 00:19:47.124984+00:00
2025-10-26 00:20:18,920 - INFO - Nuevo mensaje recibido. Consultando último registro en raw_weather_data...
2025-10-26 00:20:18,926 - INFO - Registro insertado en weather_data con timestamp 2025-10-26 00:20:03.182557+00:00
2025-10-26 00:20:34,620 - INFO - Nuevo mensaje recibido. Consultando último registro en raw_weather_data...
2025-10-26 00:20:34,628 - INFO - Registro insertado en weather_data con timestamp 2025-10-26 00:20:18.921402+00:00
2025-10-26 00:20:50,350 - INFO - Nuevo mensaje recibido. Consultando último registro en raw_weather_data...
2025-10-26 00:20:50,357 - INFO - Registro insertado en weather_data con timestamp 2025-10-26 00:20:34.622991+00:00
2025-10-26 00:21:06,084 - INFO - Nuevo mensaje recibido. Consultando último registro en raw_weather_data...
2025-10-26 00:21:06,089 - INFO - Registro insertado en weather_data con timestamp 2025-10-26 00:20:50.351432+00:00
2025-10-26 00:21:21,828 - INFO - Nuevo mensaje recibido. Consultando último registro en raw_weather_data...
2025-10-26 00:21:21,834 - INFO - Registro insertado en weather_data con timestamp 2025-10-26 00:21:06.085655+00:00
2025-10-26 00:21:37,564 - INFO - Nuevo mensaje recibido. Consultando último registro en raw_weather_data...
2025-10-26 00:21:37,570 - INFO - Registro insertado en weather_data con timestamp 2025-10-26 00:21:21.829149+00:00
2025-10-26 00:21:53,302 - INFO - Nuevo mensaje recibido. Consultando último registro en raw_weather_data...
2025-10-26 00:21:53,307 - INFO - Registro insertado en weather_data con timestamp 2025-10-26 00:21:37.565521+00:00
2025-10-26 00:22:09,012 - INFO - Nuevo mensaje recibido. Consultando último registro en raw_weather_data...
2025-10-26 00:22:09,020 - INFO - Registro insertado en weather_data con timestamp 2025-10-26 00:21:53.303256+00:00
2025-10-26 00:22:24,765 - INFO - Nuevo mensaje recibido. Consultando último registro en raw_weather_data...
2025-10-26 00:22:24,770 - INFO - Registro insertado en weather_data con timestamp 2025-10-26 00:22:09.013418+00:00
2025-10-26 00:22:40,508 - INFO - Nuevo mensaje recibido. Consultando último registro en raw_weather_data...
2025-10-26 00:22:40,514 - INFO - Registro insertado en weather_data con timestamp 2025-10-26 00:22:24.766933+00:00
2025-10-26 00:22:56,255 - INFO - Nuevo mensaje recibido. Consultando último registro en raw_weather_data...
2025-10-26 00:22:56,262 - INFO - Registro insertado en weather_data con timestamp 2025-10-26 00:22:40.510247+00:00
2025-10-26 00:23:11,998 - INFO - Nuevo mensaje recibido. Consultando último registro en raw_weather_data...
2025-10-26 00:23:12,006 - INFO - Registro insertado en weather_data con timestamp 2025-10-26 00:22:56.257069+00:00
2025-10-26 00:23:27,735 - INFO - Nuevo mensaje recibido. Consultando último registro en raw_weather_data...
2025-10-26 00:23:27,739 - INFO - Registro insertado en weather_data con timestamp 2025-10-26 00:23:11.999696+00:00
2025-10-26 00:23:43,453 - INFO - Nuevo mensaje recibido. Consultando último registro en raw_weather_data...
2025-10-26 00:23:43,458 - INFO - Registro insertado en weather_data con timestamp 2025-10-26 00:23:27.735846+00:00
2025-10-26 00:23:59,193 - INFO - Nuevo mensaje recibido. Consultando último registro en raw_weather_data...
2025-10-26 00:23:59,199 - INFO - Registro insertado en weather_data con timestamp 2025-10-26 00:23:43.454863+00:00
2025-10-26 00:24:14,935 - INFO - Nuevo mensaje recibido. Consultando último registro en raw_weather_data...
2025-10-26 00:24:14,940 - INFO - Registro insertado en weather_data con timestamp 2025-10-26 00:23:59.194021+00:00
2025-10-26 00:24:30,629 - INFO - Nuevo mensaje recibido. Consultando último registro en raw_weather_data...
2025-10-26 00:24:30,633 - INFO - Registro insertado en weather_data con timestamp 2025-10-26 00:24:14.935994+00:00
2025-10-26 00:24:46,372 - INFO - Nuevo mensaje recibido. Consultando último registro en raw_weather_data...
2025-10-26 00:24:46,376 - INFO - Registro insertado en weather_data con timestamp 2025-10-26 00:24:30.629853+00:00
2025-10-26 00:25:02,112 - INFO - Nuevo mensaje recibido. Consultando último registro en raw_weather_data...
2025-10-26 00:25:02,117 - INFO - Registro insertado en weather_data con timestamp 2025-10-26 00:24:46.373540+00:00
2025-10-26 00:25:17,846 - INFO - Nuevo mensaje recibido. Consultando último registro en raw_weather_data...
2025-10-26 00:25:17,850 - INFO - Registro insertado en weather_data con timestamp 2025-10-26 00:25:02.113273+00:00
2025-10-26 00:25:33,549 - INFO - Nuevo mensaje recibido. Consultando último registro en raw_weather_data...
2025-10-26 00:25:33,555 - INFO - Registro insertado en weather_data con timestamp 2025-10-26 00:25:17.847101+00:00
2025-10-26 00:25:49,281 - INFO - Nuevo mensaje recibido. Consultando último registro en raw_weather_data...
2025-10-26 00:25:49,286 - INFO - Registro insertado en weather_data con timestamp 2025-10-26 00:25:33.550284+00:00
2025-10-26 00:26:05,032 - INFO - Nuevo mensaje recibido. Consultando último registro en raw_weather_data...
2025-10-26 00:26:05,040 - INFO - Registro insertado en weather_data con timestamp 2025-10-26 00:25:49.282125+00:00
2025-10-26 00:26:20,830 - INFO - Nuevo mensaje recibido. Consultando último registro en raw_weather_data...
2025-10-26 00:26:20,836 - INFO - Registro insertado en weather_data con timestamp 2025-10-26 00:26:05.032997+00:00
2025-10-26 00:26:36,562 - INFO - Nuevo mensaje recibido. Consultando último registro en raw_weather_data...
2025-10-26 00:26:36,567 - INFO - Registro insertado en weather_data con timestamp 2025-10-26 00:26:20.831118+00:00
2025-10-26 00:26:52,272 - INFO - Nuevo mensaje recibido. Consultando último registro en raw_weather_data...
2025-10-26 00:26:52,279 - INFO - Registro insertado en weather_data con timestamp 2025-10-26 00:26:36.563948+00:00
2025-10-26 00:27:08,014 - INFO - Nuevo mensaje recibido. Consultando último registro en raw_weather_data...
2025-10-26 00:27:08,021 - INFO - Registro insertado en weather_data con timestamp 2025-10-26 00:26:52.273176+00:00
2025-10-26 00:27:23,750 - INFO - Nuevo mensaje recibido. Consultando último registro en raw_weather_data...
2025-10-26 00:27:23,755 - INFO - Registro insertado en weather_data con timestamp 2025-10-26 00:27:08.016057+00:00
2025-10-26 00:27:39,492 - INFO - Nuevo mensaje recibido. Consultando último registro en raw_weather_data...
2025-10-26 00:27:39,498 - INFO - Registro insertado en weather_data con timestamp 2025-10-26 00:27:23.750960+00:00
2025-10-26 00:27:55,232 - INFO - Nuevo mensaje recibido. Consultando último registro en raw_weather_data...
2025-10-26 00:27:55,236 - INFO - Registro insertado en weather_data con timestamp 2025-10-26 00:27:39.493582+00:00
2025-10-26 00:28:10,945 - INFO - Nuevo mensaje recibido. Consultando último registro en raw_weather_data...
2025-10-26 00:28:10,951 - INFO - Registro insertado en weather_data con timestamp 2025-10-26 00:27:55.232845+00:00
2025-10-26 00:28:26,688 - INFO - Nuevo mensaje recibido. Consultando último registro en raw_weather_data...
2025-10-26 00:28:26,696 - INFO - Registro insertado en weather_data con timestamp 2025-10-26 00:28:10.946916+00:00
2025-10-26 00:28:42,437 - INFO - Nuevo mensaje recibido. Consultando último registro en raw_weather_data...
2025-10-26 00:28:42,444 - INFO - Registro insertado en weather_data con timestamp 2025-10-26 00:28:26.688900+00:00
2025-10-26 00:28:58,200 - INFO - Nuevo mensaje recibido. Consultando último registro en raw_weather_data...
2025-10-26 00:28:58,202 - INFO - Registro insertado en weather_data con timestamp 2025-10-26 00:28:42.438402+00:00
2025-10-26 00:29:13,963 - INFO - Nuevo mensaje recibido. Consultando último registro en raw_weather_data...
2025-10-26 00:29:13,968 - INFO - Registro insertado en weather_data con timestamp 2025-10-26 00:28:58.200811+00:00
2025-10-26 00:29:29,656 - INFO - Nuevo mensaje recibido. Consultando último registro en raw_weather_data...
2025-10-26 00:29:29,661 - INFO - Registro insertado en weather_data con timestamp 2025-10-26 00:29:13.963541+00:00
2025-10-26 00:29:45,388 - INFO - Nuevo mensaje recibido. Consultando último registro en raw_weather_data...
2025-10-26 00:29:45,393 - INFO - Registro insertado en weather_data con timestamp 2025-10-26 00:29:29.657136+00:00
2025-10-26 00:30:01,717 - INFO - Nuevo mensaje recibido. Consultando último registro en raw_weather_data...
2025-10-26 00:30:01,722 - INFO - Registro insertado en weather_data con timestamp 2025-10-26 00:29:45.389203+00:00
2025-10-26 00:30:17,457 - INFO - Nuevo mensaje recibido. Consultando último registro en raw_weather_data...
2025-10-26 00:30:17,462 - INFO - Registro insertado en weather_data con timestamp 2025-10-26 00:30:01.718193+00:00
2025-10-26 00:30:33,165 - INFO - Nuevo mensaje recibido. Consultando último registro en raw_weather_data...
2025-10-26 00:30:33,171 - INFO - Registro insertado en weather_data con timestamp 2025-10-26 00:30:17.459167+00:00
2025-10-26 00:30:48,914 - INFO - Nuevo mensaje recibido. Consultando último registro en raw_weather_data...
2025-10-26 00:30:48,922 - INFO - Registro insertado en weather_data con timestamp 2025-10-26 00:30:33.166995+00:00
2025-10-26 00:31:04,662 - INFO - Nuevo mensaje recibido. Consultando último registro en raw_weather_data...
2025-10-26 00:31:04,670 - INFO - Registro insertado en weather_data con timestamp 2025-10-26 00:30:48.914408+00:00
2025-10-26 00:31:20,400 - INFO - Nuevo mensaje recibido. Consultando último registro en raw_weather_data...
2025-10-26 00:31:20,408 - INFO - Registro insertado en weather_data con timestamp 2025-10-26 00:31:04.663804+00:00
2025-10-26 00:31:36,098 - INFO - Nuevo mensaje recibido. Consultando último registro en raw_weather_data...
2025-10-26 00:31:36,103 - INFO - Registro insertado en weather_data con timestamp 2025-10-26 00:31:20.400713+00:00
2025-10-26 00:31:51,833 - INFO - Nuevo mensaje recibido. Consultando último registro en raw_weather_data...
2025-10-26 00:31:51,836 - INFO - Registro insertado en weather_data con timestamp 2025-10-26 00:31:36.099048+00:00
2025-10-26 00:32:07,571 - INFO - Nuevo mensaje recibido. Consultando último registro en raw_weather_data...
2025-10-26 00:32:07,577 - INFO - Registro insertado en weather_data con timestamp 2025-10-26 00:31:51.833338+00:00
2025-10-26 00:32:23,304 - INFO - Nuevo mensaje recibido. Consultando último registro en raw_weather_data...
2025-10-26 00:32:23,309 - INFO - Registro insertado en weather_data con timestamp 2025-10-26 00:32:07.572807+00:00
2025-10-26 00:32:39,037 - INFO - Nuevo mensaje recibido. Consultando último registro en raw_weather_data...
2025-10-26 00:32:39,040 - INFO - Registro insertado en weather_data con timestamp 2025-10-26 00:32:23.304726+00:00
2025-10-26 00:32:54,734 - INFO - Nuevo mensaje recibido. Consultando último registro en raw_weather_data...
2025-10-26 00:32:54,737 - INFO - Registro insertado en weather_data con timestamp 2025-10-26 00:32:39.037481+00:00
2025-10-26 00:33:10,489 - INFO - Nuevo mensaje recibido. Consultando último registro en raw_weather_data...
2025-10-26 00:33:10,496 - INFO - Registro insertado en weather_data con timestamp 2025-10-26 00:32:54.734867+00:00
2025-10-26 00:33:26,247 - INFO - Nuevo mensaje recibido. Consultando último registro en raw_weather_data...
2025-10-26 00:33:26,252 - INFO - Registro insertado en weather_data con timestamp 2025-10-26 00:33:10.490397+00:00
2025-10-26 00:33:42,017 - INFO - Nuevo mensaje recibido. Consultando último registro en raw_weather_data...
2025-10-26 00:33:42,024 - INFO - Registro insertado en weather_data con timestamp 2025-10-26 00:33:26.247924+00:00
2025-10-26 00:33:57,757 - INFO - Nuevo mensaje recibido. Consultando último registro en raw_weather_data...
2025-10-26 00:33:57,763 - INFO - Registro insertado en weather_data con timestamp 2025-10-26 00:33:42.019109+00:00
2025-10-26 00:34:13,455 - INFO - Nuevo mensaje recibido. Consultando último registro en raw_weather_data...
2025-10-26 00:34:13,462 - INFO - Registro insertado en weather_data con timestamp 2025-10-26 00:33:57.758301+00:00
2025-10-26 00:34:29,184 - INFO - Nuevo mensaje recibido. Consultando último registro en raw_weather_data...
2025-10-26 00:34:29,189 - INFO - Registro insertado en weather_data con timestamp 2025-10-26 00:34:13.455916+00:00
2025-10-26 00:34:44,921 - INFO - Nuevo mensaje recibido. Consultando último registro en raw_weather_data...
2025-10-26 00:34:44,928 - INFO - Registro insertado en weather_data con timestamp 2025-10-26 00:34:29.184196+00:00
2025-10-26 00:35:00,654 - INFO - Nuevo mensaje recibido. Consultando último registro en raw_weather_data...
2025-10-26 00:35:00,657 - INFO - Registro insertado en weather_data con timestamp 2025-10-26 00:34:44.921388+00:00
2025-10-26 00:35:16,423 - INFO - Nuevo mensaje recibido. Consultando último registro en raw_weather_data...
2025-10-26 00:35:16,429 - INFO - Registro insertado en weather_data con timestamp 2025-10-26 00:35:00.654243+00:00
2025-10-26 00:35:32,140 - INFO - Nuevo mensaje recibido. Consultando último registro en raw_weather_data...
2025-10-26 00:35:32,143 - INFO - Registro insertado en weather_data con timestamp 2025-10-26 00:35:16.424802+00:00
2025-10-26 00:35:47,901 - INFO - Nuevo mensaje recibido. Consultando último registro en raw_weather_data...
2025-10-26 00:35:47,906 - INFO - Registro insertado en weather_data con timestamp 2025-10-26 00:35:32.141039+00:00
2025-10-26 00:36:03,650 - INFO - Nuevo mensaje recibido. Consultando último registro en raw_weather_data...
2025-10-26 00:36:03,654 - INFO - Registro insertado en weather_data con timestamp 2025-10-26 00:35:47.902661+00:00
2025-10-26 00:36:19,413 - INFO - Nuevo mensaje recibido. Consultando último registro en raw_weather_data...
2025-10-26 00:36:19,419 - INFO - Registro insertado en weather_data con timestamp 2025-10-26 00:36:03.650772+00:00
2025-10-26 00:36:35,126 - INFO - Nuevo mensaje recibido. Consultando último registro en raw_weather_data...
2025-10-26 00:36:35,134 - INFO - Registro insertado en weather_data con timestamp 2025-10-26 00:36:19.415353+00:00
2025-10-26 00:36:50,870 - INFO - Nuevo mensaje recibido. Consultando último registro en raw_weather_data...
2025-10-26 00:36:50,874 - INFO - Registro insertado en weather_data con timestamp 2025-10-26 00:36:35.127112+00:00
2025-10-26 00:37:06,629 - INFO - Nuevo mensaje recibido. Consultando último registro en raw_weather_data...
2025-10-26 00:37:06,637 - INFO - Registro insertado en weather_data con timestamp 2025-10-26 00:36:50.870525+00:00
2025-10-26 00:37:22,386 - INFO - Nuevo mensaje recibido. Consultando último registro en raw_weather_data...
2025-10-26 00:37:22,392 - INFO - Registro insertado en weather_data con timestamp 2025-10-26 00:37:06.630050+00:00
2025-10-26 00:37:38,135 - INFO - Nuevo mensaje recibido. Consultando último registro en raw_weather_data...
2025-10-26 00:37:38,139 - INFO - Registro insertado en weather_data con timestamp 2025-10-26 00:37:22.387275+00:00
2025-10-26 00:37:53,879 - INFO - Nuevo mensaje recibido. Consultando último registro en raw_weather_data...
2025-10-26 00:37:53,885 - INFO - Registro insertado en weather_data con timestamp 2025-10-26 00:37:38.136817+00:00
2025-10-26 00:38:09,586 - INFO - Nuevo mensaje recibido. Consultando último registro en raw_weather_data...
2025-10-26 00:38:09,591 - INFO - Registro insertado en weather_data con timestamp 2025-10-26 00:37:53.880466+00:00
2025-10-26 00:38:25,327 - INFO - Nuevo mensaje recibido. Consultando último registro en raw_weather_data...
2025-10-26 00:38:25,333 - INFO - Registro insertado en weather_data con timestamp 2025-10-26 00:38:09.587287+00:00
2025-10-26 00:38:41,075 - INFO - Nuevo mensaje recibido. Consultando último registro en raw_weather_data...
2025-10-26 00:38:41,083 - INFO - Registro insertado en weather_data con timestamp 2025-10-26 00:38:25.328954+00:00
2025-10-26 00:38:56,815 - INFO - Nuevo mensaje recibido. Consultando último registro en raw_weather_data...
2025-10-26 00:38:56,821 - INFO - Registro insertado en weather_data con timestamp 2025-10-26 00:38:41.077114+00:00
2025-10-26 00:39:12,557 - INFO - Nuevo mensaje recibido. Consultando último registro en raw_weather_data...
2025-10-26 00:39:12,564 - INFO - Registro insertado en weather_data con timestamp 2025-10-26 00:38:56.816834+00:00
2025-10-26 00:39:28,322 - INFO - Nuevo mensaje recibido. Consultando último registro en raw_weather_data...
2025-10-26 00:39:28,327 - INFO - Registro insertado en weather_data con timestamp 2025-10-26 00:39:12.558855+00:00
2025-10-26 00:39:44,038 - INFO - Nuevo mensaje recibido. Consultando último registro en raw_weather_data...
2025-10-26 00:39:44,045 - INFO - Registro insertado en weather_data con timestamp 2025-10-26 00:39:28.323417+00:00
2025-10-26 00:39:59,814 - INFO - Nuevo mensaje recibido. Consultando último registro en raw_weather_data...
2025-10-26 00:39:59,822 - INFO - Registro insertado en weather_data con timestamp 2025-10-26 00:39:44.040756+00:00
2025-10-26 00:40:15,575 - INFO - Nuevo mensaje recibido. Consultando último registro en raw_weather_data...
2025-10-26 00:40:15,581 - INFO - Registro insertado en weather_data con timestamp 2025-10-26 00:39:59.815753+00:00
2025-10-26 00:40:31,311 - INFO - Nuevo mensaje recibido. Consultando último registro en raw_weather_data...
2025-10-26 00:40:31,315 - INFO - Registro insertado en weather_data con timestamp 2025-10-26 00:40:15.576418+00:00
2025-10-26 00:40:47,067 - INFO - Nuevo mensaje recibido. Consultando último registro en raw_weather_data...
2025-10-26 00:40:47,074 - INFO - Registro insertado en weather_data con timestamp 2025-10-26 00:40:31.311758+00:00
2025-10-26 00:41:02,826 - INFO - Nuevo mensaje recibido. Consultando último registro en raw_weather_data...
2025-10-26 00:41:02,835 - INFO - Registro insertado en weather_data con timestamp 2025-10-26 00:40:47.068198+00:00
2025-10-26 00:41:18,603 - INFO - Nuevo mensaje recibido. Consultando último registro en raw_weather_data...
2025-10-26 00:41:18,609 - INFO - Registro insertado en weather_data con timestamp 2025-10-26 00:41:02.827512+00:00
2025-10-26 00:41:34,341 - INFO - Nuevo mensaje recibido. Consultando último registro en raw_weather_data...
2025-10-26 00:41:34,346 - INFO - Registro insertado en weather_data con timestamp 2025-10-26 00:41:18.604569+00:00
2025-10-26 00:41:50,080 - INFO - Nuevo mensaje recibido. Consultando último registro en raw_weather_data...
2025-10-26 00:41:50,086 - INFO - Registro insertado en weather_data con timestamp 2025-10-26 00:41:34.342763+00:00
2025-10-26 00:42:05,784 - INFO - Nuevo mensaje recibido. Consultando último registro en raw_weather_data...
2025-10-26 00:42:05,789 - INFO - Registro insertado en weather_data con timestamp 2025-10-26 00:41:50.081598+00:00
2025-10-26 00:42:21,531 - INFO - Nuevo mensaje recibido. Consultando último registro en raw_weather_data...
2025-10-26 00:42:21,538 - INFO - Registro insertado en weather_data con timestamp 2025-10-26 00:42:05.785955+00:00
2025-10-26 00:42:37,288 - INFO - Nuevo mensaje recibido. Consultando último registro en raw_weather_data...
2025-10-26 00:42:37,292 - INFO - Registro insertado en weather_data con timestamp 2025-10-26 00:42:21.532939+00:00
2025-10-26 00:42:53,027 - INFO - Nuevo mensaje recibido. Consultando último registro en raw_weather_data...
2025-10-26 00:42:53,035 - INFO - Registro insertado en weather_data con timestamp 2025-10-26 00:42:37.289148+00:00
2025-10-26 00:43:08,779 - INFO - Nuevo mensaje recibido. Consultando último registro en raw_weather_data...
2025-10-26 00:43:08,786 - INFO - Registro insertado en weather_data con timestamp 2025-10-26 00:42:53.027731+00:00
2025-10-26 00:43:24,525 - INFO - Nuevo mensaje recibido. Consultando último registro en raw_weather_data...
2025-10-26 00:43:24,532 - INFO - Registro insertado en weather_data con timestamp 2025-10-26 00:43:08.781664+00:00
2025-10-26 00:43:40,229 - INFO - Nuevo mensaje recibido. Consultando último registro en raw_weather_data...
2025-10-26 00:43:40,237 - INFO - Registro insertado en weather_data con timestamp 2025-10-26 00:43:24.526582+00:00
2025-10-26 00:43:55,971 - INFO - Nuevo mensaje recibido. Consultando último registro en raw_weather_data...
2025-10-26 00:43:55,977 - INFO - Registro insertado en weather_data con timestamp 2025-10-26 00:43:40.230057+00:00
2025-10-26 00:44:11,710 - INFO - Nuevo mensaje recibido. Consultando último registro en raw_weather_data...
2025-10-26 00:44:11,715 - INFO - Registro insertado en weather_data con timestamp 2025-10-26 00:43:55.971429+00:00
2025-10-26 00:44:27,459 - INFO - Nuevo mensaje recibido. Consultando último registro en raw_weather_data...
2025-10-26 00:44:27,467 - INFO - Registro insertado en weather_data con timestamp 2025-10-26 00:44:11.711267+00:00
2025-10-26 00:44:43,196 - INFO - Nuevo mensaje recibido. Consultando último registro en raw_weather_data...
2025-10-26 00:44:43,200 - INFO - Registro insertado en weather_data con timestamp 2025-10-26 00:44:27.460188+00:00
2025-10-26 00:44:58,940 - INFO - Nuevo mensaje recibido. Consultando último registro en raw_weather_data...
2025-10-26 00:44:58,945 - INFO - Registro insertado en weather_data con timestamp 2025-10-26 00:44:43.196833+00:00
2025-10-26 00:45:14,643 - INFO - Nuevo mensaje recibido. Consultando último registro en raw_weather_data...
2025-10-26 00:45:14,649 - INFO - Registro insertado en weather_data con timestamp 2025-10-26 00:44:58.941070+00:00
2025-10-26 00:45:30,389 - INFO - Nuevo mensaje recibido. Consultando último registro en raw_weather_data...
2025-10-26 00:45:30,393 - INFO - Registro insertado en weather_data con timestamp 2025-10-26 00:45:14.645066+00:00
2025-10-26 00:45:46,122 - INFO - Nuevo mensaje recibido. Consultando último registro en raw_weather_data...
2025-10-26 00:45:46,128 - INFO - Registro insertado en weather_data con timestamp 2025-10-26 00:45:30.389949+00:00
2025-10-26 00:46:01,900 - INFO - Nuevo mensaje recibido. Consultando último registro en raw_weather_data...
2025-10-26 00:46:01,904 - INFO - Registro insertado en weather_data con timestamp 2025-10-26 00:45:46.123803+00:00
2025-10-26 00:46:17,656 - INFO - Nuevo mensaje recibido. Consultando último registro en raw_weather_data...
2025-10-26 00:46:17,661 - INFO - Registro insertado en weather_data con timestamp 2025-10-26 00:46:01.900767+00:00
2025-10-26 00:46:33,353 - INFO - Nuevo mensaje recibido. Consultando último registro en raw_weather_data...
2025-10-26 00:46:33,355 - INFO - Registro insertado en weather_data con timestamp 2025-10-26 00:46:17.657115+00:00
2025-10-26 00:46:49,090 - INFO - Nuevo mensaje recibido. Consultando último registro en raw_weather_data...
2025-10-26 00:46:49,097 - INFO - Registro insertado en weather_data con timestamp 2025-10-26 00:46:33.354383+00:00
2025-10-26 00:47:04,830 - INFO - Nuevo mensaje recibido. Consultando último registro en raw_weather_data...
2025-10-26 00:47:04,836 - INFO - Registro insertado en weather_data con timestamp 2025-10-26 00:46:49.091068+00:00
2025-10-26 00:47:20,574 - INFO - Nuevo mensaje recibido. Consultando último registro en raw_weather_data...
2025-10-26 00:47:20,581 - INFO - Registro insertado en weather_data con timestamp 2025-10-26 00:47:04.830832+00:00
2025-10-26 00:47:36,287 - INFO - Nuevo mensaje recibido. Consultando último registro en raw_weather_data...
2025-10-26 00:47:36,292 - INFO - Registro insertado en weather_data con timestamp 2025-10-26 00:47:20.575921+00:00
2025-10-26 00:47:52,048 - INFO - Nuevo mensaje recibido. Consultando último registro en raw_weather_data...
2025-10-26 00:47:52,055 - INFO - Registro insertado en weather_data con timestamp 2025-10-26 00:47:36.288048+00:00
2025-10-26 00:48:07,790 - INFO - Nuevo mensaje recibido. Consultando último registro en raw_weather_data...
2025-10-26 00:48:07,797 - INFO - Registro insertado en weather_data con timestamp 2025-10-26 00:47:52.048788+00:00
2025-10-26 00:48:23,528 - INFO - Nuevo mensaje recibido. Consultando último registro en raw_weather_data...
2025-10-26 00:48:23,533 - INFO - Registro insertado en weather_data con timestamp 2025-10-26 00:48:07.792060+00:00
2025-10-26 00:48:39,266 - INFO - Nuevo mensaje recibido. Consultando último registro en raw_weather_data...
2025-10-26 00:48:39,272 - INFO - Registro insertado en weather_data con timestamp 2025-10-26 00:48:23.529720+00:00
2025-10-26 00:48:55,002 - INFO - Nuevo mensaje recibido. Consultando último registro en raw_weather_data...
2025-10-26 00:48:55,007 - INFO - Registro insertado en weather_data con timestamp 2025-10-26 00:48:39.267949+00:00
2025-10-26 00:49:10,704 - INFO - Nuevo mensaje recibido. Consultando último registro en raw_weather_data...
2025-10-26 00:49:10,708 - INFO - Registro insertado en weather_data con timestamp 2025-10-26 00:48:55.003737+00:00
2025-10-26 00:49:26,445 - INFO - Nuevo mensaje recibido. Consultando último registro en raw_weather_data...
2025-10-26 00:49:26,452 - INFO - Registro insertado en weather_data con timestamp 2025-10-26 00:49:10.704999+00:00
2025-10-26 00:49:42,207 - INFO - Nuevo mensaje recibido. Consultando último registro en raw_weather_data...
2025-10-26 00:49:42,212 - INFO - Registro insertado en weather_data con timestamp 2025-10-26 00:49:26.446620+00:00
2025-10-26 00:49:57,953 - INFO - Nuevo mensaje recibido. Consultando último registro en raw_weather_data...
2025-10-26 00:49:57,958 - INFO - Registro insertado en weather_data con timestamp 2025-10-26 00:49:42.208204+00:00
2025-10-26 00:50:13,683 - INFO - Nuevo mensaje recibido. Consultando último registro en raw_weather_data...
2025-10-26 00:50:13,693 - INFO - Registro insertado en weather_data con timestamp 2025-10-26 00:49:57.953961+00:00
2025-10-26 00:50:29,400 - INFO - Nuevo mensaje recibido. Consultando último registro en raw_weather_data...
2025-10-26 00:50:29,403 - INFO - Registro insertado en weather_data con timestamp 2025-10-26 00:50:13.684428+00:00
2025-10-26 00:50:45,150 - INFO - Nuevo mensaje recibido. Consultando último registro en raw_weather_data...
2025-10-26 00:50:45,155 - INFO - Registro insertado en weather_data con timestamp 2025-10-26 00:50:29.401335+00:00
2025-10-26 00:51:00,915 - INFO - Nuevo mensaje recibido. Consultando último registro en raw_weather_data...
2025-10-26 00:51:00,919 - INFO - Registro insertado en weather_data con timestamp 2025-10-26 00:50:45.151372+00:00
2025-10-26 00:51:16,655 - INFO - Nuevo mensaje recibido. Consultando último registro en raw_weather_data...
2025-10-26 00:51:16,663 - INFO - Registro insertado en weather_data con timestamp 2025-10-26 00:51:00.915917+00:00
2025-10-26 00:51:32,393 - INFO - Nuevo mensaje recibido. Consultando último registro en raw_weather_data...
2025-10-26 00:51:32,399 - INFO - Registro insertado en weather_data con timestamp 2025-10-26 00:51:16.656862+00:00
2025-10-26 00:51:48,144 - INFO - Nuevo mensaje recibido. Consultando último registro en raw_weather_data...
2025-10-26 00:51:48,149 - INFO - Registro insertado en weather_data con timestamp 2025-10-26 00:51:32.394255+00:00
2025-10-26 00:52:03,841 - INFO - Nuevo mensaje recibido. Consultando último registro en raw_weather_data...
2025-10-26 00:52:03,849 - INFO - Registro insertado en weather_data con timestamp 2025-10-26 00:51:48.144692+00:00
2025-10-26 00:52:19,606 - INFO - Nuevo mensaje recibido. Consultando último registro en raw_weather_data...
2025-10-26 00:52:19,613 - INFO - Registro insertado en weather_data con timestamp 2025-10-26 00:52:03.842962+00:00
2025-10-26 00:52:35,347 - INFO - Nuevo mensaje recibido. Consultando último registro en raw_weather_data...
2025-10-26 00:52:35,353 - INFO - Registro insertado en weather_data con timestamp 2025-10-26 00:52:19.607304+00:00
2025-10-26 00:52:51,087 - INFO - Nuevo mensaje recibido. Consultando último registro en raw_weather_data...
2025-10-26 00:52:51,092 - INFO - Registro insertado en weather_data con timestamp 2025-10-26 00:52:35.350879+00:00
2025-10-26 00:53:06,785 - INFO - Nuevo mensaje recibido. Consultando último registro en raw_weather_data...
2025-10-26 00:53:06,793 - INFO - Registro insertado en weather_data con timestamp 2025-10-26 00:52:51.088038+00:00
2025-10-26 00:53:22,527 - INFO - Nuevo mensaje recibido. Consultando último registro en raw_weather_data...
2025-10-26 00:53:22,534 - INFO - Registro insertado en weather_data con timestamp 2025-10-26 00:53:06.786506+00:00
2025-10-26 00:53:38,274 - INFO - Nuevo mensaje recibido. Consultando último registro en raw_weather_data...
2025-10-26 00:53:38,281 - INFO - Registro insertado en weather_data con timestamp 2025-10-26 00:53:22.528834+00:00
2025-10-26 00:53:54,024 - INFO - Nuevo mensaje recibido. Consultando último registro en raw_weather_data...
2025-10-26 00:53:54,028 - INFO - Registro insertado en weather_data con timestamp 2025-10-26 00:53:38.276000+00:00
2025-10-26 00:54:09,771 - INFO - Nuevo mensaje recibido. Consultando último registro en raw_weather_data...
2025-10-26 00:54:09,779 - INFO - Registro insertado en weather_data con timestamp 2025-10-26 00:53:54.025187+00:00
2025-10-26 00:54:25,479 - INFO - Nuevo mensaje recibido. Consultando último registro en raw_weather_data...
2025-10-26 00:54:25,484 - INFO - Registro insertado en weather_data con timestamp 2025-10-26 00:54:09.772448+00:00
2025-10-26 00:54:41,223 - INFO - Nuevo mensaje recibido. Consultando último registro en raw_weather_data...
2025-10-26 00:54:41,228 - INFO - Registro insertado en weather_data con timestamp 2025-10-26 00:54:25.480188+00:00
2025-10-26 00:54:56,967 - INFO - Nuevo mensaje recibido. Consultando último registro en raw_weather_data...
2025-10-26 00:54:56,972 - INFO - Registro insertado en weather_data con timestamp 2025-10-26 00:54:41.223803+00:00
2025-10-26 00:55:12,719 - INFO - Nuevo mensaje recibido. Consultando último registro en raw_weather_data...
2025-10-26 00:55:12,724 - INFO - Registro insertado en weather_data con timestamp 2025-10-26 00:54:56.968677+00:00
2025-10-26 00:55:28,464 - INFO - Nuevo mensaje recibido. Consultando último registro en raw_weather_data...
2025-10-26 00:55:28,470 - INFO - Registro insertado en weather_data con timestamp 2025-10-26 00:55:12.719873+00:00
2025-10-26 00:55:44,174 - INFO - Nuevo mensaje recibido. Consultando último registro en raw_weather_data...
2025-10-26 00:55:44,182 - INFO - Registro insertado en weather_data con timestamp 2025-10-26 00:55:28.466052+00:00
2025-10-26 00:55:59,921 - INFO - Nuevo mensaje recibido. Consultando último registro en raw_weather_data...
2025-10-26 00:55:59,925 - INFO - Registro insertado en weather_data con timestamp 2025-10-26 00:55:44.176776+00:00
2025-10-26 00:56:15,668 - INFO - Nuevo mensaje recibido. Consultando último registro en raw_weather_data...
2025-10-26 00:56:15,673 - INFO - Registro insertado en weather_data con timestamp 2025-10-26 00:55:59.921860+00:00
2025-10-26 00:56:31,519 - INFO - Nuevo mensaje recibido. Consultando último registro en raw_weather_data...
2025-10-26 00:56:31,524 - INFO - Registro insertado en weather_data con timestamp 2025-10-26 00:56:15.669119+00:00
2025-10-26 00:56:47,258 - INFO - Nuevo mensaje recibido. Consultando último registro en raw_weather_data...
2025-10-26 00:56:47,266 - INFO - Registro insertado en weather_data con timestamp 2025-10-26 00:56:31.520179+00:00
2025-10-26 00:57:02,959 - INFO - Nuevo mensaje recibido. Consultando último registro en raw_weather_data...
2025-10-26 00:57:02,962 - INFO - Registro insertado en weather_data con timestamp 2025-10-26 00:56:47.259681+00:00
2025-10-26 00:57:18,696 - INFO - Nuevo mensaje recibido. Consultando último registro en raw_weather_data...
2025-10-26 00:57:18,702 - INFO - Registro insertado en weather_data con timestamp 2025-10-26 00:57:02.959301+00:00
2025-10-26 00:57:34,423 - INFO - Nuevo mensaje recibido. Consultando último registro en raw_weather_data...
2025-10-26 00:57:34,427 - INFO - Registro insertado en weather_data con timestamp 2025-10-26 00:57:18.697070+00:00
2025-10-26 00:57:50,161 - INFO - Nuevo mensaje recibido. Consultando último registro en raw_weather_data...
2025-10-26 00:57:50,166 - INFO - Registro insertado en weather_data con timestamp 2025-10-26 00:57:34.423691+00:00
2025-10-26 00:58:05,858 - INFO - Nuevo mensaje recibido. Consultando último registro en raw_weather_data...
2025-10-26 00:58:05,861 - INFO - Registro insertado en weather_data con timestamp 2025-10-26 00:57:50.161884+00:00
2025-10-26 00:58:21,605 - INFO - Nuevo mensaje recibido. Consultando último registro en raw_weather_data...
2025-10-26 00:58:21,611 - INFO - Registro insertado en weather_data con timestamp 2025-10-26 00:58:05.858961+00:00
2025-10-26 00:58:37,335 - INFO - Nuevo mensaje recibido. Consultando último registro en raw_weather_data...
2025-10-26 00:58:37,341 - INFO - Registro insertado en weather_data con timestamp 2025-10-26 00:58:21.606867+00:00
2025-10-26 00:58:53,074 - INFO - Nuevo mensaje recibido. Consultando último registro en raw_weather_data...
2025-10-26 00:58:53,080 - INFO - Registro insertado en weather_data con timestamp 2025-10-26 00:58:37.337167+00:00
2025-10-26 00:59:08,811 - INFO - Nuevo mensaje recibido. Consultando último registro en raw_weather_data...
2025-10-26 00:59:08,816 - INFO - Registro insertado en weather_data con timestamp 2025-10-26 00:58:53.075037+00:00
2025-10-26 00:59:24,516 - INFO - Nuevo mensaje recibido. Consultando último registro en raw_weather_data...
2025-10-26 00:59:24,522 - INFO - Registro insertado en weather_data con timestamp 2025-10-26 00:59:08.812367+00:00
2025-10-26 00:59:40,270 - INFO - Nuevo mensaje recibido. Consultando último registro en raw_weather_data...
2025-10-26 00:59:40,275 - INFO - Registro insertado en weather_data con timestamp 2025-10-26 00:59:24.517762+00:00
2025-10-26 00:59:56,032 - INFO - Nuevo mensaje recibido. Consultando último registro en raw_weather_data...
2025-10-26 00:59:56,047 - INFO - Registro insertado en weather_data con timestamp 2025-10-26 00:59:40.270968+00:00
2025-10-26 01:00:11,800 - INFO - Nuevo mensaje recibido. Consultando último registro en raw_weather_data...
2025-10-26 01:00:11,806 - INFO - Registro insertado en weather_data con timestamp 2025-10-26 00:59:56.033222+00:00
2025-10-26 01:00:27,523 - INFO - Nuevo mensaje recibido. Consultando último registro en raw_weather_data...
2025-10-26 01:00:27,528 - INFO - Registro insertado en weather_data con timestamp 2025-10-26 01:00:11.801440+00:00
2025-10-26 01:00:43,225 - INFO - Nuevo mensaje recibido. Consultando último registro en raw_weather_data...
2025-10-26 01:00:43,230 - INFO - Registro insertado en weather_data con timestamp 2025-10-26 01:00:27.523916+00:00
2025-10-26 01:00:58,971 - INFO - Nuevo mensaje recibido. Consultando último registro en raw_weather_data...
2025-10-26 01:00:58,974 - INFO - Registro insertado en weather_data con timestamp 2025-10-26 01:00:43.225863+00:00
2025-10-26 01:01:14,708 - INFO - Nuevo mensaje recibido. Consultando último registro en raw_weather_data...
2025-10-26 01:01:14,712 - INFO - Registro insertado en weather_data con timestamp 2025-10-26 01:00:58.971590+00:00
2025-10-26 01:01:30,478 - INFO - Nuevo mensaje recibido. Consultando último registro en raw_weather_data...
2025-10-26 01:01:30,484 - INFO - Registro insertado en weather_data con timestamp 2025-10-26 01:01:14.708347+00:00
2025-10-26 01:01:46,196 - INFO - Nuevo mensaje recibido. Consultando último registro en raw_weather_data...
2025-10-26 01:01:46,202 - INFO - Registro insertado en weather_data con timestamp 2025-10-26 01:01:30.479893+00:00
2025-10-26 01:02:01,945 - INFO - Nuevo mensaje recibido. Consultando último registro en raw_weather_data...
2025-10-26 01:02:01,952 - INFO - Registro insertado en weather_data con timestamp 2025-10-26 01:01:46.198435+00:00
2025-10-26 01:02:17,696 - INFO - Nuevo mensaje recibido. Consultando último registro en raw_weather_data...
2025-10-26 01:02:17,701 - INFO - Registro insertado en weather_data con timestamp 2025-10-26 01:02:01.945701+00:00
2025-10-26 01:02:33,463 - INFO - Nuevo mensaje recibido. Consultando último registro en raw_weather_data...
2025-10-26 01:02:33,468 - INFO - Registro insertado en weather_data con timestamp 2025-10-26 01:02:17.697200+00:00
2025-10-26 01:02:49,176 - INFO - Nuevo mensaje recibido. Consultando último registro en raw_weather_data...
2025-10-26 01:02:49,182 - INFO - Registro insertado en weather_data con timestamp 2025-10-26 01:02:33.464358+00:00
2025-10-26 01:03:04,934 - INFO - Nuevo mensaje recibido. Consultando último registro en raw_weather_data...
2025-10-26 01:03:04,940 - INFO - Registro insertado en weather_data con timestamp 2025-10-26 01:02:49.177002+00:00
2025-10-26 01:03:20,694 - INFO - Nuevo mensaje recibido. Consultando último registro en raw_weather_data...
2025-10-26 01:03:20,699 - INFO - Registro insertado en weather_data con timestamp 2025-10-26 01:03:04.935220+00:00
2025-10-26 01:03:36,432 - INFO - Nuevo mensaje recibido. Consultando último registro en raw_weather_data...
2025-10-26 01:03:36,435 - INFO - Registro insertado en weather_data con timestamp 2025-10-26 01:03:20.694635+00:00
2025-10-26 01:03:52,170 - INFO - Nuevo mensaje recibido. Consultando último registro en raw_weather_data...
2025-10-26 01:03:52,182 - INFO - Registro insertado en weather_data con timestamp 2025-10-26 01:03:36.432622+00:00
2025-10-26 01:04:07,881 - INFO - Nuevo mensaje recibido. Consultando último registro en raw_weather_data...
2025-10-26 01:04:07,888 - INFO - Registro insertado en weather_data con timestamp 2025-10-26 01:03:52.171702+00:00
2025-10-26 01:04:23,619 - INFO - Nuevo mensaje recibido. Consultando último registro en raw_weather_data...
2025-10-26 01:04:23,622 - INFO - Registro insertado en weather_data con timestamp 2025-10-26 01:04:07.881710+00:00
2025-10-26 01:04:39,366 - INFO - Nuevo mensaje recibido. Consultando último registro en raw_weather_data...
2025-10-26 01:04:39,370 - INFO - Registro insertado en weather_data con timestamp 2025-10-26 01:04:23.620152+00:00
2025-10-26 01:04:55,102 - INFO - Nuevo mensaje recibido. Consultando último registro en raw_weather_data...
2025-10-26 01:04:55,108 - INFO - Registro insertado en weather_data con timestamp 2025-10-26 01:04:39.366940+00:00
2025-10-26 01:05:10,838 - INFO - Nuevo mensaje recibido. Consultando último registro en raw_weather_data...
2025-10-26 01:05:10,843 - INFO - Registro insertado en weather_data con timestamp 2025-10-26 01:04:55.103462+00:00
2025-10-26 01:05:26,581 - INFO - Nuevo mensaje recibido. Consultando último registro en raw_weather_data...
2025-10-26 01:05:26,588 - INFO - Registro insertado en weather_data con timestamp 2025-10-26 01:05:10.838520+00:00
2025-10-26 01:05:42,292 - INFO - Nuevo mensaje recibido. Consultando último registro en raw_weather_data...
2025-10-26 01:05:42,298 - INFO - Registro insertado en weather_data con timestamp 2025-10-26 01:05:26.582406+00:00
2025-10-26 01:05:58,040 - INFO - Nuevo mensaje recibido. Consultando último registro en raw_weather_data...
2025-10-26 01:05:58,046 - INFO - Registro insertado en weather_data con timestamp 2025-10-26 01:05:42.292991+00:00
2025-10-26 01:06:13,768 - INFO - Nuevo mensaje recibido. Consultando último registro en raw_weather_data...
2025-10-26 01:06:13,771 - INFO - Registro insertado en weather_data con timestamp 2025-10-26 01:05:58.041738+00:00
