2025-10-25 23:45:52,192 - INFO - Esperando mensajes...
2025-10-25 23:46:05,406 - INFO - Leyendo ultimo mensaje para actualizar vista...
2025-10-25 23:46:05,412 - INFO - No hay registros en weather_data todavía.
2025-10-25 23:46:21,146 - INFO - Leyendo ultimo mensaje para actualizar vista...
2025-10-25 23:46:21,148 - INFO - No hay registros en weather_data todavía.
2025-10-25 23:46:36,891 - INFO - Leyendo ultimo mensaje para actualizar vista...
2025-10-25 23:46:36,894 - INFO - No hay registros en weather_data todavía.
2025-10-25 23:46:52,590 - INFO - Leyendo ultimo mensaje para actualizar vista...
2025-10-25 23:46:52,592 - INFO - No hay registros en weather_data todavía.
2025-10-25 23:47:08,331 - INFO - Leyendo ultimo mensaje para actualizar vista...
2025-10-25 23:47:08,332 - INFO - No hay registros en weather_data todavía.
2025-10-25 23:47:24,095 - INFO - Leyendo ultimo mensaje para actualizar vista...
2025-10-25 23:47:24,096 - INFO - No hay registros en weather_data todavía.
2025-10-25 23:47:39,835 - INFO - Leyendo ultimo mensaje para actualizar vista...
2025-10-25 23:47:39,836 - INFO - No hay registros en weather_data todavía.
2025-10-25 23:47:55,541 - INFO - Leyendo ultimo mensaje para actualizar vista...
2025-10-25 23:47:55,546 - INFO - No hay registros en weather_data todavía.
2025-10-25 23:48:11,286 - INFO - Leyendo ultimo mensaje para actualizar vista...
2025-10-25 23:48:11,288 - INFO - No hay registros en weather_data todavía.
2025-10-25 23:48:27,029 - INFO - Leyendo ultimo mensaje para actualizar vista...
2025-10-25 23:48:27,030 - INFO - No hay registros en weather_data todavía.
2025-10-25 23:48:42,767 - INFO - Leyendo ultimo mensaje para actualizar vista...
2025-10-25 23:48:42,768 - INFO - No hay registros en weather_data todavía.
2025-10-25 23:48:58,507 - INFO - Leyendo ultimo mensaje para actualizar vista...
2025-10-25 23:48:58,509 - INFO - No hay registros en weather_data todavía.
2025-10-25 23:49:14,236 - INFO - Leyendo ultimo mensaje para actualizar vista...
2025-10-25 23:49:14,237 - INFO - No hay registros en weather_data todavía.
2025-10-25 23:49:29,936 - INFO - Leyendo ultimo mensaje para actualizar vista...
2025-10-25 23:49:45,677 - INFO - Leyendo ultimo mensaje para actualizar vista...
2025-10-25 23:56:40,677 - INFO - Esperando mensajes...
2025-10-25 23:56:46,000 - INFO - Leyendo ultimo mensaje para actualizar vista...
2025-10-25 23:57:01,737 - INFO - Leyendo ultimo mensaje para actualizar vista...
2025-10-25 23:57:17,472 - INFO - Leyendo ultimo mensaje para actualizar vista...
2025-10-25 23:58:47,198 - INFO - Esperando mensajes...
2025-10-25 23:58:51,881 - INFO - Leyendo ultimo mensaje para actualizar vista...
2025-10-26 00:00:01,776 - INFO - Esperando mensajes...
2025-10-26 00:00:10,628 - INFO - Leyendo ultimo mensaje para actualizar vista...
2025-10-26 00:01:09,010 - INFO - Esperando mensajes...
2025-10-26 00:01:13,591 - INFO - Leyendo ultimo mensaje para actualizar vista...
2025-10-26 00:07:26,505 - INFO - Esperando mensajes...
2025-10-26 00:07:31,337 - INFO - Leyendo ultimo mensaje para actualizar vista...
2025-10-26 00:07:31,346 - INFO - Registro insertado en weather_data_view con timestamp 2025-10-26 00:06:59.860101+00:00

2025-10-26 00:07:47,046 - INFO - Leyendo ultimo mensaje para actualizar vista...
2025-10-26 00:07:47,057 - INFO - Registro insertado en weather_data_view con timestamp 2025-10-26 00:07:15.595882+00:00

2025-10-26 00:09:17,755 - INFO - Leyendo ultimo mensaje para actualizar vista...
2025-10-26 00:09:17,761 - INFO - Registro insertado en weather_data_view con timestamp 2025-10-26 00:07:31.337758+00:00

2025-10-26 00:09:33,500 - INFO - Leyendo ultimo mensaje para actualizar vista...
2025-10-26 00:09:33,506 - INFO - Registro insertado en weather_data_view con timestamp 2025-10-26 00:07:47.046652+00:00

2025-10-26 00:09:49,232 - INFO - Leyendo ultimo mensaje para actualizar vista...
2025-10-26 00:09:49,235 - INFO - Registro insertado en weather_data_view con timestamp 2025-10-26 00:09:17.755883+00:00

2025-10-26 00:10:04,975 - INFO - Leyendo ultimo mensaje para actualizar vista...
2025-10-26 00:10:04,982 - INFO - Registro insertado en weather_data_view con timestamp 2025-10-26 00:09:33.500641+00:00

2025-10-26 00:10:20,670 - INFO - Leyendo ultimo mensaje para actualizar vista...
2025-10-26 00:10:20,676 - INFO - Registro insertado en weather_data_view con timestamp 2025-10-26 00:09:49.232169+00:00

2025-10-26 00:10:36,405 - INFO - Leyendo ultimo mensaje para actualizar vista...
2025-10-26 00:10:36,412 - INFO - Registro insertado en weather_data_view con timestamp 2025-10-26 00:10:04.976306+00:00

2025-10-26 00:10:52,158 - INFO - Leyendo ultimo mensaje para actualizar vista...
2025-10-26 00:10:52,163 - INFO - Registro insertado en weather_data_view con timestamp 2025-10-26 00:10:20.672036+00:00

2025-10-26 00:11:07,899 - INFO - Leyendo ultimo mensaje para actualizar vista...
2025-10-26 00:11:07,906 - INFO - Registro insertado en weather_data_view con timestamp 2025-10-26 00:10:36.407046+00:00

2025-10-26 00:11:23,640 - INFO - Leyendo ultimo mensaje para actualizar vista...
2025-10-26 00:11:23,644 - INFO - Registro insertado en weather_data_view con timestamp 2025-10-26 00:10:52.158644+00:00

2025-10-26 00:11:39,329 - INFO - Leyendo ultimo mensaje para actualizar vista...
2025-10-26 00:11:39,334 - INFO - Registro insertado en weather_data_view con timestamp 2025-10-26 00:11:07.900244+00:00

2025-10-26 00:11:55,064 - INFO - Leyendo ultimo mensaje para actualizar vista...
2025-10-26 00:11:55,070 - INFO - Registro insertado en weather_data_view con timestamp 2025-10-26 00:11:23.640334+00:00

2025-10-26 00:12:10,798 - INFO - Leyendo ultimo mensaje para actualizar vista...
2025-10-26 00:12:10,802 - INFO - Registro insertado en weather_data_view con timestamp 2025-10-26 00:11:39.330448+00:00

2025-10-26 00:12:26,536 - INFO - Leyendo ultimo mensaje para actualizar vista...
2025-10-26 00:12:26,540 - INFO - Registro insertado en weather_data_view con timestamp 2025-10-26 00:11:55.064986+00:00

2025-10-26 00:12:42,274 - INFO - Leyendo ultimo mensaje para actualizar vista...
2025-10-26 00:12:42,280 - INFO - Registro insertado en weather_data_view con timestamp 2025-10-26 00:12:10.798756+00:00

2025-10-26 00:12:57,996 - INFO - Leyendo ultimo mensaje para actualizar vista...
2025-10-26 00:12:58,004 - INFO - Registro insertado en weather_data_view con timestamp 2025-10-26 00:12:26.537097+00:00

2025-10-26 00:13:13,725 - INFO - Leyendo ultimo mensaje para actualizar vista...
2025-10-26 00:13:13,730 - INFO - Registro insertado en weather_data_view con timestamp 2025-10-26 00:12:42.273304+00:00

2025-10-26 00:13:29,463 - INFO - Leyendo ultimo mensaje para actualizar vista...
2025-10-26 00:13:29,469 - INFO - Registro insertado en weather_data_view con timestamp 2025-10-26 00:12:57.996870+00:00

2025-10-26 00:13:45,204 - INFO - Leyendo ultimo mensaje para actualizar vista...
2025-10-26 00:13:45,208 - INFO - Registro insertado en weather_data_view con timestamp 2025-10-26 00:13:13.726188+00:00

2025-10-26 00:14:00,904 - INFO - Leyendo ultimo mensaje para actualizar vista...
2025-10-26 00:14:00,910 - INFO - Registro insertado en weather_data_view con timestamp 2025-10-26 00:13:29.464819+00:00

2025-10-26 00:14:16,642 - INFO - Leyendo ultimo mensaje para actualizar vista...
2025-10-26 00:14:16,645 - INFO - Registro insertado en weather_data_view con timestamp 2025-10-26 00:13:45.205849+00:00

2025-10-26 00:14:32,391 - INFO - Leyendo ultimo mensaje para actualizar vista...
2025-10-26 00:14:32,400 - INFO - Registro insertado en weather_data_view con timestamp 2025-10-26 00:14:00.905624+00:00

2025-10-26 00:14:48,149 - INFO - Leyendo ultimo mensaje para actualizar vista...
2025-10-26 00:14:48,155 - INFO - Registro insertado en weather_data_view con timestamp 2025-10-26 00:14:16.642727+00:00

2025-10-26 00:15:03,897 - INFO - Leyendo ultimo mensaje para actualizar vista...
2025-10-26 00:15:03,903 - INFO - Registro insertado en weather_data_view con timestamp 2025-10-26 00:14:32.392689+00:00

2025-10-26 00:15:19,608 - INFO - Leyendo ultimo mensaje para actualizar vista...
2025-10-26 00:15:19,616 - INFO - Registro insertado en weather_data_view con timestamp 2025-10-26 00:14:48.150123+00:00

2025-10-26 00:15:35,349 - INFO - Leyendo ultimo mensaje para actualizar vista...
2025-10-26 00:15:35,355 - INFO - Registro insertado en weather_data_view con timestamp 2025-10-26 00:15:03.896629+00:00

2025-10-26 00:15:51,110 - INFO - Leyendo ultimo mensaje para actualizar vista...
2025-10-26 00:15:51,118 - INFO - Registro insertado en weather_data_view con timestamp 2025-10-26 00:15:19.608978+00:00

2025-10-26 00:16:06,848 - INFO - Leyendo ultimo mensaje para actualizar vista...
2025-10-26 00:16:06,856 - INFO - Registro insertado en weather_data_view con timestamp 2025-10-26 00:15:35.350350+00:00

2025-10-26 00:16:22,581 - INFO - Leyendo ultimo mensaje para actualizar vista...
2025-10-26 00:16:22,585 - INFO - Registro insertado en weather_data_view con timestamp 2025-10-26 00:15:51.110340+00:00

2025-10-26 00:16:38,322 - INFO - Leyendo ultimo mensaje para actualizar vista...
2025-10-26 00:16:38,327 - INFO - Registro insertado en weather_data_view con timestamp 2025-10-26 00:16:06.849665+00:00

2025-10-26 00:16:54,024 - INFO - Leyendo ultimo mensaje para actualizar vista...
2025-10-26 00:16:54,030 - INFO - Registro insertado en weather_data_view con timestamp 2025-10-26 00:16:22.583321+00:00

2025-10-26 00:17:09,762 - INFO - Leyendo ultimo mensaje para actualizar vista...
2025-10-26 00:17:09,768 - INFO - Registro insertado en weather_data_view con timestamp 2025-10-26 00:16:38.322995+00:00

2025-10-26 00:17:25,499 - INFO - Leyendo ultimo mensaje para actualizar vista...
2025-10-26 00:17:25,505 - INFO - Registro insertado en weather_data_view con timestamp 2025-10-26 00:16:54.025921+00:00

2025-10-26 00:17:41,245 - INFO - Leyendo ultimo mensaje para actualizar vista...
2025-10-26 00:17:41,253 - INFO - Registro insertado en weather_data_view con timestamp 2025-10-26 00:17:09.762808+00:00

2025-10-26 00:17:56,981 - INFO - Leyendo ultimo mensaje para actualizar vista...
2025-10-26 00:17:56,986 - INFO - Registro insertado en weather_data_view con timestamp 2025-10-26 00:17:25.499517+00:00

2025-10-26 00:18:12,742 - INFO - Leyendo ultimo mensaje para actualizar vista...
2025-10-26 00:18:12,745 - INFO - Registro insertado en weather_data_view con timestamp 2025-10-26 00:17:41.246940+00:00

2025-10-26 00:18:28,476 - INFO - Leyendo ultimo mensaje para actualizar vista...
2025-10-26 00:18:28,481 - INFO - Registro insertado en weather_data_view con timestamp 2025-10-26 00:17:56.981561+00:00

2025-10-26 00:18:44,220 - INFO - Leyendo ultimo mensaje para actualizar vista...
2025-10-26 00:18:44,227 - INFO - Registro insertado en weather_data_view con timestamp 2025-10-26 00:18:12.743379+00:00

2025-10-26 00:18:59,957 - INFO - Leyendo ultimo mensaje para actualizar vista...
2025-10-26 00:18:59,963 - INFO - Registro insertado en weather_data_view con timestamp 2025-10-26 00:18:28.476729+00:00

2025-10-26 00:19:15,687 - INFO - Leyendo ultimo mensaje para actualizar vista...
2025-10-26 00:19:15,693 - INFO - Registro insertado en weather_data_view con timestamp 2025-10-26 00:18:44.221065+00:00

2025-10-26 00:19:31,383 - INFO - Leyendo ultimo mensaje para actualizar vista...
2025-10-26 00:19:31,387 - INFO - Registro insertado en weather_data_view con timestamp 2025-10-26 00:18:59.957707+00:00

2025-10-26 00:19:47,125 - INFO - Leyendo ultimo mensaje para actualizar vista...
2025-10-26 00:19:47,131 - INFO - Registro insertado en weather_data_view con timestamp 2025-10-26 00:19:15.688537+00:00

2025-10-26 00:20:03,182 - INFO - Leyendo ultimo mensaje para actualizar vista...
2025-10-26 00:20:03,187 - INFO - Registro insertado en weather_data_view con timestamp 2025-10-26 00:19:31.384568+00:00

2025-10-26 00:20:18,920 - INFO - Leyendo ultimo mensaje para actualizar vista...
2025-10-26 00:20:18,927 - INFO - Registro insertado en weather_data_view con timestamp 2025-10-26 00:19:47.124984+00:00

2025-10-26 00:20:34,620 - INFO - Leyendo ultimo mensaje para actualizar vista...
2025-10-26 00:20:34,628 - INFO - Registro insertado en weather_data_view con timestamp 2025-10-26 00:20:03.182557+00:00

2025-10-26 00:20:50,350 - INFO - Leyendo ultimo mensaje para actualizar vista...
2025-10-26 00:20:50,358 - INFO - Registro insertado en weather_data_view con timestamp 2025-10-26 00:20:18.921402+00:00

2025-10-26 00:21:06,084 - INFO - Leyendo ultimo mensaje para actualizar vista...
2025-10-26 00:21:06,090 - INFO - Registro insertado en weather_data_view con timestamp 2025-10-26 00:20:34.622991+00:00

2025-10-26 00:21:21,828 - INFO - Leyendo ultimo mensaje para actualizar vista...
2025-10-26 00:21:21,834 - INFO - Registro insertado en weather_data_view con timestamp 2025-10-26 00:20:50.351432+00:00

2025-10-26 00:21:37,564 - INFO - Leyendo ultimo mensaje para actualizar vista...
2025-10-26 00:21:37,571 - INFO - Registro insertado en weather_data_view con timestamp 2025-10-26 00:21:06.085655+00:00

2025-10-26 00:21:53,302 - INFO - Leyendo ultimo mensaje para actualizar vista...
2025-10-26 00:21:53,308 - INFO - Registro insertado en weather_data_view con timestamp 2025-10-26 00:21:21.829149+00:00

2025-10-26 00:22:09,012 - INFO - Leyendo ultimo mensaje para actualizar vista...
2025-10-26 00:22:09,021 - INFO - Registro insertado en weather_data_view con timestamp 2025-10-26 00:21:37.565521+00:00

2025-10-26 00:22:24,765 - INFO - Leyendo ultimo mensaje para actualizar vista...
2025-10-26 00:22:24,769 - INFO - Registro insertado en weather_data_view con timestamp 2025-10-26 00:21:53.303256+00:00

2025-10-26 00:22:40,508 - INFO - Leyendo ultimo mensaje para actualizar vista...
2025-10-26 00:22:40,515 - INFO - Registro insertado en weather_data_view con timestamp 2025-10-26 00:22:09.013418+00:00

2025-10-26 00:22:56,255 - INFO - Leyendo ultimo mensaje para actualizar vista...
2025-10-26 00:22:56,262 - INFO - Registro insertado en weather_data_view con timestamp 2025-10-26 00:22:24.766933+00:00

2025-10-26 00:23:11,998 - INFO - Leyendo ultimo mensaje para actualizar vista...
2025-10-26 00:23:12,006 - INFO - Registro insertado en weather_data_view con timestamp 2025-10-26 00:22:40.510247+00:00

2025-10-26 00:23:27,736 - INFO - Leyendo ultimo mensaje para actualizar vista...
2025-10-26 00:23:27,740 - INFO - Registro insertado en weather_data_view con timestamp 2025-10-26 00:22:56.257069+00:00

2025-10-26 00:23:43,453 - INFO - Leyendo ultimo mensaje para actualizar vista...
2025-10-26 00:23:43,458 - INFO - Registro insertado en weather_data_view con timestamp 2025-10-26 00:23:11.999696+00:00

2025-10-26 00:23:59,192 - INFO - Leyendo ultimo mensaje para actualizar vista...
2025-10-26 00:23:59,199 - INFO - Registro insertado en weather_data_view con timestamp 2025-10-26 00:23:27.735846+00:00

2025-10-26 00:24:14,936 - INFO - Leyendo ultimo mensaje para actualizar vista...
2025-10-26 00:24:14,941 - INFO - Registro insertado en weather_data_view con timestamp 2025-10-26 00:23:43.454863+00:00

2025-10-26 00:24:30,629 - INFO - Leyendo ultimo mensaje para actualizar vista...
2025-10-26 00:24:30,634 - INFO - Registro insertado en weather_data_view con timestamp 2025-10-26 00:23:59.194021+00:00

2025-10-26 00:24:46,372 - INFO - Leyendo ultimo mensaje para actualizar vista...
2025-10-26 00:24:46,376 - INFO - Registro insertado en weather_data_view con timestamp 2025-10-26 00:24:14.935994+00:00

2025-10-26 00:25:02,112 - INFO - Leyendo ultimo mensaje para actualizar vista...
2025-10-26 00:25:02,118 - INFO - Registro insertado en weather_data_view con timestamp 2025-10-26 00:24:30.629853+00:00

2025-10-26 00:25:17,846 - INFO - Leyendo ultimo mensaje para actualizar vista...
2025-10-26 00:25:17,851 - INFO - Registro insertado en weather_data_view con timestamp 2025-10-26 00:24:46.373540+00:00

2025-10-26 00:25:33,549 - INFO - Leyendo ultimo mensaje para actualizar vista...
2025-10-26 00:25:33,556 - INFO - Registro insertado en weather_data_view con timestamp 2025-10-26 00:25:02.113273+00:00

2025-10-26 00:25:49,282 - INFO - Leyendo ultimo mensaje para actualizar vista...
2025-10-26 00:25:49,286 - INFO - Registro insertado en weather_data_view con timestamp 2025-10-26 00:25:17.847101+00:00

2025-10-26 00:26:05,032 - INFO - Leyendo ultimo mensaje para actualizar vista...
2025-10-26 00:26:05,040 - INFO - Registro insertado en weather_data_view con timestamp 2025-10-26 00:25:33.550284+00:00

2025-10-26 00:26:20,830 - INFO - Leyendo ultimo mensaje para actualizar vista...
2025-10-26 00:26:20,837 - INFO - Registro insertado en weather_data_view con timestamp 2025-10-26 00:25:49.282125+00:00

2025-10-26 00:26:36,562 - INFO - Leyendo ultimo mensaje para actualizar vista...
2025-10-26 00:26:36,567 - INFO - Registro insertado en weather_data_view con timestamp 2025-10-26 00:26:05.032997+00:00

2025-10-26 00:26:52,272 - INFO - Leyendo ultimo mensaje para actualizar vista...
2025-10-26 00:26:52,280 - INFO - Registro insertado en weather_data_view con timestamp 2025-10-26 00:26:20.831118+00:00

2025-10-26 00:27:08,014 - INFO - Leyendo ultimo mensaje para actualizar vista...
2025-10-26 00:27:08,022 - INFO - Registro insertado en weather_data_view con timestamp 2025-10-26 00:26:36.563948+00:00

2025-10-26 00:27:23,750 - INFO - Leyendo ultimo mensaje para actualizar vista...
2025-10-26 00:27:23,755 - INFO - Registro insertado en weather_data_view con timestamp 2025-10-26 00:26:52.273176+00:00

2025-10-26 00:27:39,492 - INFO - Leyendo ultimo mensaje para actualizar vista...
2025-10-26 00:27:39,499 - INFO - Registro insertado en weather_data_view con timestamp 2025-10-26 00:27:08.016057+00:00

2025-10-26 00:27:55,232 - INFO - Leyendo ultimo mensaje para actualizar vista...
2025-10-26 00:27:55,236 - INFO - Registro insertado en weather_data_view con timestamp 2025-10-26 00:27:23.750960+00:00

2025-10-26 00:28:10,945 - INFO - Leyendo ultimo mensaje para actualizar vista...
2025-10-26 00:28:10,952 - INFO - Registro insertado en weather_data_view con timestamp 2025-10-26 00:27:39.493582+00:00

2025-10-26 00:28:26,687 - INFO - Leyendo ultimo mensaje para actualizar vista...
2025-10-26 00:28:26,696 - INFO - Registro insertado en weather_data_view con timestamp 2025-10-26 00:27:55.232845+00:00

2025-10-26 00:28:42,438 - INFO - Leyendo ultimo mensaje para actualizar vista...
2025-10-26 00:28:42,444 - INFO - Registro insertado en weather_data_view con timestamp 2025-10-26 00:28:10.946916+00:00

2025-10-26 00:28:58,200 - INFO - Leyendo ultimo mensaje para actualizar vista...
2025-10-26 00:28:58,202 - INFO - Registro insertado en weather_data_view con timestamp 2025-10-26 00:28:26.688900+00:00

2025-10-26 00:29:13,963 - INFO - Leyendo ultimo mensaje para actualizar vista...
2025-10-26 00:29:13,968 - INFO - Registro insertado en weather_data_view con timestamp 2025-10-26 00:28:42.438402+00:00

2025-10-26 00:29:29,656 - INFO - Leyendo ultimo mensaje para actualizar vista...
2025-10-26 00:29:29,662 - INFO - Registro insertado en weather_data_view con timestamp 2025-10-26 00:28:58.200811+00:00

2025-10-26 00:29:45,388 - INFO - Leyendo ultimo mensaje para actualizar vista...
2025-10-26 00:29:45,393 - INFO - Registro insertado en weather_data_view con timestamp 2025-10-26 00:29:13.963541+00:00

2025-10-26 00:30:01,717 - INFO - Leyendo ultimo mensaje para actualizar vista...
2025-10-26 00:30:01,722 - INFO - Registro insertado en weather_data_view con timestamp 2025-10-26 00:29:29.657136+00:00

2025-10-26 00:30:17,457 - INFO - Leyendo ultimo mensaje para actualizar vista...
2025-10-26 00:30:17,462 - INFO - Registro insertado en weather_data_view con timestamp 2025-10-26 00:29:45.389203+00:00

2025-10-26 00:30:33,165 - INFO - Leyendo ultimo mensaje para actualizar vista...
2025-10-26 00:30:33,171 - INFO - Registro insertado en weather_data_view con timestamp 2025-10-26 00:30:01.718193+00:00

2025-10-26 00:30:48,914 - INFO - Leyendo ultimo mensaje para actualizar vista...
2025-10-26 00:30:48,922 - INFO - Registro insertado en weather_data_view con timestamp 2025-10-26 00:30:17.459167+00:00

2025-10-26 00:31:04,662 - INFO - Leyendo ultimo mensaje para actualizar vista...
2025-10-26 00:31:04,670 - INFO - Registro insertado en weather_data_view con timestamp 2025-10-26 00:30:33.166995+00:00

2025-10-26 00:31:20,400 - INFO - Leyendo ultimo mensaje para actualizar vista...
2025-10-26 00:31:20,408 - INFO - Registro insertado en weather_data_view con timestamp 2025-10-26 00:30:48.914408+00:00

2025-10-26 00:31:36,098 - INFO - Leyendo ultimo mensaje para actualizar vista...
2025-10-26 00:31:36,103 - INFO - Registro insertado en weather_data_view con timestamp 2025-10-26 00:31:04.663804+00:00

2025-10-26 00:31:51,833 - INFO - Leyendo ultimo mensaje para actualizar vista...
2025-10-26 00:31:51,837 - INFO - Registro insertado en weather_data_view con timestamp 2025-10-26 00:31:20.400713+00:00

2025-10-26 00:32:07,571 - INFO - Leyendo ultimo mensaje para actualizar vista...
2025-10-26 00:32:07,577 - INFO - Registro insertado en weather_data_view con timestamp 2025-10-26 00:31:36.099048+00:00

2025-10-26 00:32:23,304 - INFO - Leyendo ultimo mensaje para actualizar vista...
2025-10-26 00:32:23,310 - INFO - Registro insertado en weather_data_view con timestamp 2025-10-26 00:31:51.833338+00:00

2025-10-26 00:32:39,037 - INFO - Leyendo ultimo mensaje para actualizar vista...
2025-10-26 00:32:39,041 - INFO - Registro insertado en weather_data_view con timestamp 2025-10-26 00:32:07.572807+00:00

2025-10-26 00:32:54,734 - INFO - Leyendo ultimo mensaje para actualizar vista...
2025-10-26 00:32:54,738 - INFO - Registro insertado en weather_data_view con timestamp 2025-10-26 00:32:23.304726+00:00

2025-10-26 00:33:10,489 - INFO - Leyendo ultimo mensaje para actualizar vista...
2025-10-26 00:33:10,497 - INFO - Registro insertado en weather_data_view con timestamp 2025-10-26 00:32:39.037481+00:00

2025-10-26 00:33:26,247 - INFO - Leyendo ultimo mensaje para actualizar vista...
2025-10-26 00:33:26,253 - INFO - Registro insertado en weather_data_view con timestamp 2025-10-26 00:32:54.734867+00:00

2025-10-26 00:33:42,017 - INFO - Leyendo ultimo mensaje para actualizar vista...
2025-10-26 00:33:42,025 - INFO - Registro insertado en weather_data_view con timestamp 2025-10-26 00:33:10.490397+00:00

2025-10-26 00:33:57,758 - INFO - Leyendo ultimo mensaje para actualizar vista...
2025-10-26 00:33:57,764 - INFO - Registro insertado en weather_data_view con timestamp 2025-10-26 00:33:26.247924+00:00

2025-10-26 00:34:13,455 - INFO - Leyendo ultimo mensaje para actualizar vista...
2025-10-26 00:34:13,462 - INFO - Registro insertado en weather_data_view con timestamp 2025-10-26 00:33:42.019109+00:00

2025-10-26 00:34:29,184 - INFO - Leyendo ultimo mensaje para actualizar vista...
2025-10-26 00:34:29,189 - INFO - Registro insertado en weather_data_view con timestamp 2025-10-26 00:33:57.758301+00:00

2025-10-26 00:34:44,921 - INFO - Leyendo ultimo mensaje para actualizar vista...
2025-10-26 00:34:44,928 - INFO - Registro insertado en weather_data_view con timestamp 2025-10-26 00:34:13.455916+00:00

2025-10-26 00:35:00,654 - INFO - Leyendo ultimo mensaje para actualizar vista...
2025-10-26 00:35:00,657 - INFO - Registro insertado en weather_data_view con timestamp 2025-10-26 00:34:29.184196+00:00

2025-10-26 00:35:16,423 - INFO - Leyendo ultimo mensaje para actualizar vista...
2025-10-26 00:35:16,429 - INFO - Registro insertado en weather_data_view con timestamp 2025-10-26 00:34:44.921388+00:00

2025-10-26 00:35:32,140 - INFO - Leyendo ultimo mensaje para actualizar vista...
2025-10-26 00:35:32,144 - INFO - Registro insertado en weather_data_view con timestamp 2025-10-26 00:35:00.654243+00:00

2025-10-26 00:35:47,900 - INFO - Leyendo ultimo mensaje para actualizar vista...
2025-10-26 00:35:47,906 - INFO - Registro insertado en weather_data_view con timestamp 2025-10-26 00:35:16.424802+00:00

2025-10-26 00:36:03,650 - INFO - Leyendo ultimo mensaje para actualizar vista...
2025-10-26 00:36:03,655 - INFO - Registro insertado en weather_data_view con timestamp 2025-10-26 00:35:32.141039+00:00

2025-10-26 00:36:19,413 - INFO - Leyendo ultimo mensaje para actualizar vista...
2025-10-26 00:36:19,419 - INFO - Registro insertado en weather_data_view con timestamp 2025-10-26 00:35:47.902661+00:00

2025-10-26 00:36:35,126 - INFO - Leyendo ultimo mensaje para actualizar vista...
2025-10-26 00:36:35,134 - INFO - Registro insertado en weather_data_view con timestamp 2025-10-26 00:36:03.650772+00:00

2025-10-26 00:36:50,870 - INFO - Leyendo ultimo mensaje para actualizar vista...
2025-10-26 00:36:50,874 - INFO - Registro insertado en weather_data_view con timestamp 2025-10-26 00:36:19.415353+00:00

2025-10-26 00:37:06,629 - INFO - Leyendo ultimo mensaje para actualizar vista...
2025-10-26 00:37:06,637 - INFO - Registro insertado en weather_data_view con timestamp 2025-10-26 00:36:35.127112+00:00

2025-10-26 00:37:22,386 - INFO - Leyendo ultimo mensaje para actualizar vista...
2025-10-26 00:37:22,392 - INFO - Registro insertado en weather_data_view con timestamp 2025-10-26 00:36:50.870525+00:00

2025-10-26 00:37:38,136 - INFO - Leyendo ultimo mensaje para actualizar vista...
2025-10-26 00:37:38,140 - INFO - Registro insertado en weather_data_view con timestamp 2025-10-26 00:37:06.630050+00:00

2025-10-26 00:37:53,880 - INFO - Leyendo ultimo mensaje para actualizar vista...
2025-10-26 00:37:53,886 - INFO - Registro insertado en weather_data_view con timestamp 2025-10-26 00:37:22.387275+00:00

2025-10-26 00:38:09,586 - INFO - Leyendo ultimo mensaje para actualizar vista...
2025-10-26 00:38:09,591 - INFO - Registro insertado en weather_data_view con timestamp 2025-10-26 00:37:38.136817+00:00

2025-10-26 00:38:25,327 - INFO - Leyendo ultimo mensaje para actualizar vista...
2025-10-26 00:38:25,333 - INFO - Registro insertado en weather_data_view con timestamp 2025-10-26 00:37:53.880466+00:00

2025-10-26 00:38:41,075 - INFO - Leyendo ultimo mensaje para actualizar vista...
2025-10-26 00:38:41,084 - INFO - Registro insertado en weather_data_view con timestamp 2025-10-26 00:38:09.587287+00:00

2025-10-26 00:38:56,815 - INFO - Leyendo ultimo mensaje para actualizar vista...
2025-10-26 00:38:56,821 - INFO - Registro insertado en weather_data_view con timestamp 2025-10-26 00:38:25.328954+00:00

2025-10-26 00:39:12,557 - INFO - Leyendo ultimo mensaje para actualizar vista...
2025-10-26 00:39:12,565 - INFO - Registro insertado en weather_data_view con timestamp 2025-10-26 00:38:41.077114+00:00

2025-10-26 00:39:28,322 - INFO - Leyendo ultimo mensaje para actualizar vista...
2025-10-26 00:39:28,328 - INFO - Registro insertado en weather_data_view con timestamp 2025-10-26 00:38:56.816834+00:00

2025-10-26 00:39:44,039 - INFO - Leyendo ultimo mensaje para actualizar vista...
2025-10-26 00:39:44,046 - INFO - Registro insertado en weather_data_view con timestamp 2025-10-26 00:39:12.558855+00:00

2025-10-26 00:39:59,814 - INFO - Leyendo ultimo mensaje para actualizar vista...
2025-10-26 00:39:59,823 - INFO - Registro insertado en weather_data_view con timestamp 2025-10-26 00:39:28.323417+00:00

2025-10-26 00:40:15,575 - INFO - Leyendo ultimo mensaje para actualizar vista...
2025-10-26 00:40:15,582 - INFO - Registro insertado en weather_data_view con timestamp 2025-10-26 00:39:44.040756+00:00

2025-10-26 00:40:31,311 - INFO - Leyendo ultimo mensaje para actualizar vista...
2025-10-26 00:40:31,315 - INFO - Registro insertado en weather_data_view con timestamp 2025-10-26 00:39:59.815753+00:00

2025-10-26 00:40:47,067 - INFO - Leyendo ultimo mensaje para actualizar vista...
2025-10-26 00:40:47,075 - INFO - Registro insertado en weather_data_view con timestamp 2025-10-26 00:40:15.576418+00:00

2025-10-26 00:41:02,826 - INFO - Leyendo ultimo mensaje para actualizar vista...
2025-10-26 00:41:02,835 - INFO - Registro insertado en weather_data_view con timestamp 2025-10-26 00:40:31.311758+00:00

2025-10-26 00:41:18,603 - INFO - Leyendo ultimo mensaje para actualizar vista...
2025-10-26 00:41:18,610 - INFO - Registro insertado en weather_data_view con timestamp 2025-10-26 00:40:47.068198+00:00

2025-10-26 00:41:34,341 - INFO - Leyendo ultimo mensaje para actualizar vista...
2025-10-26 00:41:34,346 - INFO - Registro insertado en weather_data_view con timestamp 2025-10-26 00:41:02.827512+00:00

2025-10-26 00:41:50,080 - INFO - Leyendo ultimo mensaje para actualizar vista...
2025-10-26 00:41:50,086 - INFO - Registro insertado en weather_data_view con timestamp 2025-10-26 00:41:18.604569+00:00

2025-10-26 00:42:05,784 - INFO - Leyendo ultimo mensaje para actualizar vista...
2025-10-26 00:42:05,789 - INFO - Registro insertado en weather_data_view con timestamp 2025-10-26 00:41:34.342763+00:00

2025-10-26 00:42:21,531 - INFO - Leyendo ultimo mensaje para actualizar vista...
2025-10-26 00:42:21,539 - INFO - Registro insertado en weather_data_view con timestamp 2025-10-26 00:41:50.081598+00:00

2025-10-26 00:42:37,288 - INFO - Leyendo ultimo mensaje para actualizar vista...
2025-10-26 00:42:37,293 - INFO - Registro insertado en weather_data_view con timestamp 2025-10-26 00:42:05.785955+00:00

2025-10-26 00:42:53,027 - INFO - Leyendo ultimo mensaje para actualizar vista...
2025-10-26 00:42:53,035 - INFO - Registro insertado en weather_data_view con timestamp 2025-10-26 00:42:21.532939+00:00

2025-10-26 00:43:08,783 - INFO - Leyendo ultimo mensaje para actualizar vista...
2025-10-26 00:43:08,787 - INFO - Registro insertado en weather_data_view con timestamp 2025-10-26 00:42:37.289148+00:00

2025-10-26 00:43:24,525 - INFO - Leyendo ultimo mensaje para actualizar vista...
2025-10-26 00:43:24,533 - INFO - Registro insertado en weather_data_view con timestamp 2025-10-26 00:42:53.027731+00:00

2025-10-26 00:43:40,229 - INFO - Leyendo ultimo mensaje para actualizar vista...
2025-10-26 00:43:40,237 - INFO - Registro insertado en weather_data_view con timestamp 2025-10-26 00:43:08.781664+00:00

2025-10-26 00:43:55,971 - INFO - Leyendo ultimo mensaje para actualizar vista...
2025-10-26 00:43:55,978 - INFO - Registro insertado en weather_data_view con timestamp 2025-10-26 00:43:24.526582+00:00

2025-10-26 00:44:11,710 - INFO - Leyendo ultimo mensaje para actualizar vista...
2025-10-26 00:44:11,716 - INFO - Registro insertado en weather_data_view con timestamp 2025-10-26 00:43:40.230057+00:00

2025-10-26 00:44:27,459 - INFO - Leyendo ultimo mensaje para actualizar vista...
2025-10-26 00:44:27,468 - INFO - Registro insertado en weather_data_view con timestamp 2025-10-26 00:43:55.971429+00:00

2025-10-26 00:44:43,196 - INFO - Leyendo ultimo mensaje para actualizar vista...
2025-10-26 00:44:43,200 - INFO - Registro insertado en weather_data_view con timestamp 2025-10-26 00:44:11.711267+00:00

2025-10-26 00:44:58,940 - INFO - Leyendo ultimo mensaje para actualizar vista...
2025-10-26 00:44:58,945 - INFO - Registro insertado en weather_data_view con timestamp 2025-10-26 00:44:27.460188+00:00

2025-10-26 00:45:14,643 - INFO - Leyendo ultimo mensaje para actualizar vista...
2025-10-26 00:45:14,650 - INFO - Registro insertado en weather_data_view con timestamp 2025-10-26 00:44:43.196833+00:00

2025-10-26 00:45:30,389 - INFO - Leyendo ultimo mensaje para actualizar vista...
2025-10-26 00:45:30,394 - INFO - Registro insertado en weather_data_view con timestamp 2025-10-26 00:44:58.941070+00:00

2025-10-26 00:45:46,122 - INFO - Leyendo ultimo mensaje para actualizar vista...
2025-10-26 00:45:46,129 - INFO - Registro insertado en weather_data_view con timestamp 2025-10-26 00:45:14.645066+00:00

2025-10-26 00:46:01,900 - INFO - Leyendo ultimo mensaje para actualizar vista...
2025-10-26 00:46:01,905 - INFO - Registro insertado en weather_data_view con timestamp 2025-10-26 00:45:30.389949+00:00

2025-10-26 00:46:17,656 - INFO - Leyendo ultimo mensaje para actualizar vista...
2025-10-26 00:46:17,662 - INFO - Registro insertado en weather_data_view con timestamp 2025-10-26 00:45:46.123803+00:00

2025-10-26 00:46:33,354 - INFO - Leyendo ultimo mensaje para actualizar vista...
2025-10-26 00:46:33,356 - INFO - Registro insertado en weather_data_view con timestamp 2025-10-26 00:46:01.900767+00:00

2025-10-26 00:46:49,090 - INFO - Leyendo ultimo mensaje para actualizar vista...
2025-10-26 00:46:49,097 - INFO - Registro insertado en weather_data_view con timestamp 2025-10-26 00:46:17.657115+00:00

2025-10-26 00:47:04,830 - INFO - Leyendo ultimo mensaje para actualizar vista...
2025-10-26 00:47:04,837 - INFO - Registro insertado en weather_data_view con timestamp 2025-10-26 00:46:33.354383+00:00

2025-10-26 00:47:20,574 - INFO - Leyendo ultimo mensaje para actualizar vista...
2025-10-26 00:47:20,581 - INFO - Registro insertado en weather_data_view con timestamp 2025-10-26 00:46:49.091068+00:00

2025-10-26 00:47:36,287 - INFO - Leyendo ultimo mensaje para actualizar vista...
2025-10-26 00:47:36,292 - INFO - Registro insertado en weather_data_view con timestamp 2025-10-26 00:47:04.830832+00:00

2025-10-26 00:47:52,048 - INFO - Leyendo ultimo mensaje para actualizar vista...
2025-10-26 00:47:52,055 - INFO - Registro insertado en weather_data_view con timestamp 2025-10-26 00:47:20.575921+00:00

2025-10-26 00:48:07,790 - INFO - Leyendo ultimo mensaje para actualizar vista...
2025-10-26 00:48:07,797 - INFO - Registro insertado en weather_data_view con timestamp 2025-10-26 00:47:36.288048+00:00

2025-10-26 00:48:23,528 - INFO - Leyendo ultimo mensaje para actualizar vista...
2025-10-26 00:48:23,533 - INFO - Registro insertado en weather_data_view con timestamp 2025-10-26 00:47:52.048788+00:00

2025-10-26 00:48:39,266 - INFO - Leyendo ultimo mensaje para actualizar vista...
2025-10-26 00:48:39,273 - INFO - Registro insertado en weather_data_view con timestamp 2025-10-26 00:48:07.792060+00:00

2025-10-26 00:48:55,002 - INFO - Leyendo ultimo mensaje para actualizar vista...
2025-10-26 00:48:55,008 - INFO - Registro insertado en weather_data_view con timestamp 2025-10-26 00:48:23.529720+00:00

2025-10-26 00:49:10,704 - INFO - Leyendo ultimo mensaje para actualizar vista...
2025-10-26 00:49:10,709 - INFO - Registro insertado en weather_data_view con timestamp 2025-10-26 00:48:39.267949+00:00

2025-10-26 00:49:26,445 - INFO - Leyendo ultimo mensaje para actualizar vista...
2025-10-26 00:49:26,452 - INFO - Registro insertado en weather_data_view con timestamp 2025-10-26 00:48:55.003737+00:00

2025-10-26 00:49:42,207 - INFO - Leyendo ultimo mensaje para actualizar vista...
2025-10-26 00:49:42,213 - INFO - Registro insertado en weather_data_view con timestamp 2025-10-26 00:49:10.704999+00:00

2025-10-26 00:49:57,953 - INFO - Leyendo ultimo mensaje para actualizar vista...
2025-10-26 00:49:57,958 - INFO - Registro insertado en weather_data_view con timestamp 2025-10-26 00:49:26.446620+00:00

2025-10-26 00:50:13,684 - INFO - Leyendo ultimo mensaje para actualizar vista...
2025-10-26 00:50:13,694 - INFO - Registro insertado en weather_data_view con timestamp 2025-10-26 00:49:42.208204+00:00

2025-10-26 00:50:29,400 - INFO - Leyendo ultimo mensaje para actualizar vista...
2025-10-26 00:50:29,404 - INFO - Registro insertado en weather_data_view con timestamp 2025-10-26 00:49:57.953961+00:00

2025-10-26 00:50:45,151 - INFO - Leyendo ultimo mensaje para actualizar vista...
2025-10-26 00:50:45,155 - INFO - Registro insertado en weather_data_view con timestamp 2025-10-26 00:50:13.684428+00:00

2025-10-26 00:51:00,915 - INFO - Leyendo ultimo mensaje para actualizar vista...
2025-10-26 00:51:00,920 - INFO - Registro insertado en weather_data_view con timestamp 2025-10-26 00:50:29.401335+00:00

2025-10-26 00:51:16,655 - INFO - Leyendo ultimo mensaje para actualizar vista...
2025-10-26 00:51:16,664 - INFO - Registro insertado en weather_data_view con timestamp 2025-10-26 00:50:45.151372+00:00

2025-10-26 00:51:32,394 - INFO - Leyendo ultimo mensaje para actualizar vista...
2025-10-26 00:51:32,399 - INFO - Registro insertado en weather_data_view con timestamp 2025-10-26 00:51:00.915917+00:00

2025-10-26 00:51:48,144 - INFO - Leyendo ultimo mensaje para actualizar vista...
2025-10-26 00:51:48,149 - INFO - Registro insertado en weather_data_view con timestamp 2025-10-26 00:51:16.656862+00:00

2025-10-26 00:52:03,841 - INFO - Leyendo ultimo mensaje para actualizar vista...
2025-10-26 00:52:03,849 - INFO - Registro insertado en weather_data_view con timestamp 2025-10-26 00:51:32.394255+00:00

2025-10-26 00:52:19,606 - INFO - Leyendo ultimo mensaje para actualizar vista...
2025-10-26 00:52:19,614 - INFO - Registro insertado en weather_data_view con timestamp 2025-10-26 00:51:48.144692+00:00

2025-10-26 00:52:35,347 - INFO - Leyendo ultimo mensaje para actualizar vista...
2025-10-26 00:52:35,354 - INFO - Registro insertado en weather_data_view con timestamp 2025-10-26 00:52:03.842962+00:00

2025-10-26 00:52:51,087 - INFO - Leyendo ultimo mensaje para actualizar vista...
2025-10-26 00:52:51,092 - INFO - Registro insertado en weather_data_view con timestamp 2025-10-26 00:52:19.607304+00:00

2025-10-26 00:53:06,785 - INFO - Leyendo ultimo mensaje para actualizar vista...
2025-10-26 00:53:06,793 - INFO - Registro insertado en weather_data_view con timestamp 2025-10-26 00:52:35.350879+00:00

2025-10-26 00:53:22,527 - INFO - Leyendo ultimo mensaje para actualizar vista...
2025-10-26 00:53:22,534 - INFO - Registro insertado en weather_data_view con timestamp 2025-10-26 00:52:51.088038+00:00

2025-10-26 00:53:38,274 - INFO - Leyendo ultimo mensaje para actualizar vista...
2025-10-26 00:53:38,281 - INFO - Registro insertado en weather_data_view con timestamp 2025-10-26 00:53:06.786506+00:00

2025-10-26 00:53:54,024 - INFO - Leyendo ultimo mensaje para actualizar vista...
2025-10-26 00:53:54,029 - INFO - Registro insertado en weather_data_view con timestamp 2025-10-26 00:53:22.528834+00:00

2025-10-26 00:54:09,771 - INFO - Leyendo ultimo mensaje para actualizar vista...
2025-10-26 00:54:09,780 - INFO - Registro insertado en weather_data_view con timestamp 2025-10-26 00:53:38.276000+00:00

2025-10-26 00:54:25,479 - INFO - Leyendo ultimo mensaje para actualizar vista...
2025-10-26 00:54:25,485 - INFO - Registro insertado en weather_data_view con timestamp 2025-10-26 00:53:54.025187+00:00

2025-10-26 00:54:41,223 - INFO - Leyendo ultimo mensaje para actualizar vista...
2025-10-26 00:54:41,228 - INFO - Registro insertado en weather_data_view con timestamp 2025-10-26 00:54:09.772448+00:00

2025-10-26 00:54:56,967 - INFO - Leyendo ultimo mensaje para actualizar vista...
2025-10-26 00:54:56,972 - INFO - Registro insertado en weather_data_view con timestamp 2025-10-26 00:54:25.480188+00:00

2025-10-26 00:55:12,719 - INFO - Leyendo ultimo mensaje para actualizar vista...
2025-10-26 00:55:12,725 - INFO - Registro insertado en weather_data_view con timestamp 2025-10-26 00:54:41.223803+00:00

2025-10-26 00:55:28,465 - INFO - Leyendo ultimo mensaje para actualizar vista...
2025-10-26 00:55:28,471 - INFO - Registro insertado en weather_data_view con timestamp 2025-10-26 00:54:56.968677+00:00

2025-10-26 00:55:44,175 - INFO - Leyendo ultimo mensaje para actualizar vista...
2025-10-26 00:55:44,182 - INFO - Registro insertado en weather_data_view con timestamp 2025-10-26 00:55:12.719873+00:00

2025-10-26 00:55:59,921 - INFO - Leyendo ultimo mensaje para actualizar vista...
2025-10-26 00:55:59,925 - INFO - Registro insertado en weather_data_view con timestamp 2025-10-26 00:55:28.466052+00:00

2025-10-26 00:56:15,668 - INFO - Leyendo ultimo mensaje para actualizar vista...
2025-10-26 00:56:15,674 - INFO - Registro insertado en weather_data_view con timestamp 2025-10-26 00:55:44.176776+00:00

2025-10-26 00:56:31,519 - INFO - Leyendo ultimo mensaje para actualizar vista...
2025-10-26 00:56:31,524 - INFO - Registro insertado en weather_data_view con timestamp 2025-10-26 00:55:59.921860+00:00

2025-10-26 00:56:47,258 - INFO - Leyendo ultimo mensaje para actualizar vista...
2025-10-26 00:56:47,266 - INFO - Registro insertado en weather_data_view con timestamp 2025-10-26 00:56:15.669119+00:00

2025-10-26 00:57:02,959 - INFO - Leyendo ultimo mensaje para actualizar vista...
2025-10-26 00:57:02,963 - INFO - Registro insertado en weather_data_view con timestamp 2025-10-26 00:56:31.520179+00:00

2025-10-26 00:57:18,696 - INFO - Leyendo ultimo mensaje para actualizar vista...
2025-10-26 00:57:18,703 - INFO - Registro insertado en weather_data_view con timestamp 2025-10-26 00:56:47.259681+00:00

2025-10-26 00:57:34,423 - INFO - Leyendo ultimo mensaje para actualizar vista...
2025-10-26 00:57:34,428 - INFO - Registro insertado en weather_data_view con timestamp 2025-10-26 00:57:02.959301+00:00

2025-10-26 00:57:50,161 - INFO - Leyendo ultimo mensaje para actualizar vista...
2025-10-26 00:57:50,166 - INFO - Registro insertado en weather_data_view con timestamp 2025-10-26 00:57:18.697070+00:00

2025-10-26 00:58:05,858 - INFO - Leyendo ultimo mensaje para actualizar vista...
2025-10-26 00:58:05,861 - INFO - Registro insertado en weather_data_view con timestamp 2025-10-26 00:57:34.423691+00:00

2025-10-26 00:58:21,606 - INFO - Leyendo ultimo mensaje para actualizar vista...
2025-10-26 00:58:21,612 - INFO - Registro insertado en weather_data_view con timestamp 2025-10-26 00:57:50.161884+00:00

2025-10-26 00:58:37,335 - INFO - Leyendo ultimo mensaje para actualizar vista...
2025-10-26 00:58:37,341 - INFO - Registro insertado en weather_data_view con timestamp 2025-10-26 00:58:05.858961+00:00

2025-10-26 00:58:53,074 - INFO - Leyendo ultimo mensaje para actualizar vista...
2025-10-26 00:58:53,080 - INFO - Registro insertado en weather_data_view con timestamp 2025-10-26 00:58:21.606867+00:00

2025-10-26 00:59:08,811 - INFO - Leyendo ultimo mensaje para actualizar vista...
2025-10-26 00:59:08,818 - INFO - Registro insertado en weather_data_view con timestamp 2025-10-26 00:58:37.337167+00:00

2025-10-26 00:59:24,516 - INFO - Leyendo ultimo mensaje para actualizar vista...
2025-10-26 00:59:24,523 - INFO - Registro insertado en weather_data_view con timestamp 2025-10-26 00:58:53.075037+00:00

2025-10-26 00:59:40,270 - INFO - Leyendo ultimo mensaje para actualizar vista...
2025-10-26 00:59:40,276 - INFO - Registro insertado en weather_data_view con timestamp 2025-10-26 00:59:08.812367+00:00

2025-10-26 00:59:56,032 - INFO - Leyendo ultimo mensaje para actualizar vista...
2025-10-26 00:59:56,047 - INFO - Registro insertado en weather_data_view con timestamp 2025-10-26 00:59:24.517762+00:00

2025-10-26 01:00:11,799 - INFO - Leyendo ultimo mensaje para actualizar vista...
2025-10-26 01:00:11,807 - INFO - Registro insertado en weather_data_view con timestamp 2025-10-26 00:59:40.270968+00:00

2025-10-26 01:00:27,523 - INFO - Leyendo ultimo mensaje para actualizar vista...
2025-10-26 01:00:27,529 - INFO - Registro insertado en weather_data_view con timestamp 2025-10-26 00:59:56.033222+00:00

2025-10-26 01:00:43,225 - INFO - Leyendo ultimo mensaje para actualizar vista...
2025-10-26 01:00:43,230 - INFO - Registro insertado en weather_data_view con timestamp 2025-10-26 01:00:11.801440+00:00

2025-10-26 01:00:58,971 - INFO - Leyendo ultimo mensaje para actualizar vista...
2025-10-26 01:00:58,975 - INFO - Registro insertado en weather_data_view con timestamp 2025-10-26 01:00:27.523916+00:00

2025-10-26 01:01:14,708 - INFO - Leyendo ultimo mensaje para actualizar vista...
2025-10-26 01:01:14,713 - INFO - Registro insertado en weather_data_view con timestamp 2025-10-26 01:00:43.225863+00:00

2025-10-26 01:01:30,478 - INFO - Leyendo ultimo mensaje para actualizar vista...
2025-10-26 01:01:30,485 - INFO - Registro insertado en weather_data_view con timestamp 2025-10-26 01:00:58.971590+00:00

2025-10-26 01:01:46,198 - INFO - Leyendo ultimo mensaje para actualizar vista...
2025-10-26 01:01:46,202 - INFO - Registro insertado en weather_data_view con timestamp 2025-10-26 01:01:14.708347+00:00

2025-10-26 01:02:01,945 - INFO - Leyendo ultimo mensaje para actualizar vista...
2025-10-26 01:02:01,952 - INFO - Registro insertado en weather_data_view con timestamp 2025-10-26 01:01:30.479893+00:00

2025-10-26 01:02:17,696 - INFO - Leyendo ultimo mensaje para actualizar vista...
2025-10-26 01:02:17,702 - INFO - Registro insertado en weather_data_view con timestamp 2025-10-26 01:01:46.198435+00:00

2025-10-26 01:02:33,463 - INFO - Leyendo ultimo mensaje para actualizar vista...
2025-10-26 01:02:33,468 - INFO - Registro insertado en weather_data_view con timestamp 2025-10-26 01:02:01.945701+00:00

2025-10-26 01:02:49,176 - INFO - Leyendo ultimo mensaje para actualizar vista...
2025-10-26 01:02:49,182 - INFO - Registro insertado en weather_data_view con timestamp 2025-10-26 01:02:17.697200+00:00

2025-10-26 01:03:04,934 - INFO - Leyendo ultimo mensaje para actualizar vista...
2025-10-26 01:03:04,940 - INFO - Registro insertado en weather_data_view con timestamp 2025-10-26 01:02:33.464358+00:00

2025-10-26 01:03:20,694 - INFO - Leyendo ultimo mensaje para actualizar vista...
2025-10-26 01:03:20,700 - INFO - Registro insertado en weather_data_view con timestamp 2025-10-26 01:02:49.177002+00:00

2025-10-26 01:03:36,432 - INFO - Leyendo ultimo mensaje para actualizar vista...
2025-10-26 01:03:36,436 - INFO - Registro insertado en weather_data_view con timestamp 2025-10-26 01:03:04.935220+00:00

2025-10-26 01:03:52,171 - INFO - Leyendo ultimo mensaje para actualizar vista...
2025-10-26 01:03:52,184 - INFO - Registro insertado en weather_data_view con timestamp 2025-10-26 01:03:20.694635+00:00

2025-10-26 01:04:07,881 - INFO - Leyendo ultimo mensaje para actualizar vista...
2025-10-26 01:04:07,889 - INFO - Registro insertado en weather_data_view con timestamp 2025-10-26 01:03:36.432622+00:00

2025-10-26 01:04:23,619 - INFO - Leyendo ultimo mensaje para actualizar vista...
2025-10-26 01:04:23,622 - INFO - Registro insertado en weather_data_view con timestamp 2025-10-26 01:03:52.171702+00:00

2025-10-26 01:04:39,366 - INFO - Leyendo ultimo mensaje para actualizar vista...
2025-10-26 01:04:39,370 - INFO - Registro insertado en weather_data_view con timestamp 2025-10-26 01:04:07.881710+00:00

2025-10-26 01:04:55,102 - INFO - Leyendo ultimo mensaje para actualizar vista...
2025-10-26 01:04:55,108 - INFO - Registro insertado en weather_data_view con timestamp 2025-10-26 01:04:23.620152+00:00

2025-10-26 01:05:10,838 - INFO - Leyendo ultimo mensaje para actualizar vista...
2025-10-26 01:05:10,843 - INFO - Registro insertado en weather_data_view con timestamp 2025-10-26 01:04:39.366940+00:00

2025-10-26 01:05:26,581 - INFO - Leyendo ultimo mensaje para actualizar vista...
2025-10-26 01:05:26,589 - INFO - Registro insertado en weather_data_view con timestamp 2025-10-26 01:04:55.103462+00:00

2025-10-26 01:05:42,292 - INFO - Leyendo ultimo mensaje para actualizar vista...
2025-10-26 01:05:42,298 - INFO - Registro insertado en weather_data_view con timestamp 2025-10-26 01:05:10.838520+00:00

2025-10-26 01:05:58,040 - INFO - Leyendo ultimo mensaje para actualizar vista...
2025-10-26 01:05:58,047 - INFO - Registro insertado en weather_data_view con timestamp 2025-10-26 01:05:26.582406+00:00

2025-10-26 01:06:13,768 - INFO - Leyendo ultimo mensaje para actualizar vista...
2025-10-26 01:06:13,772 - INFO - Registro insertado en weather_data_view con timestamp 2025-10-26 01:05:42.292991+00:00

