2025-10-24 18:01:36,971 - INFO - Se recibió GET /anomaly/latest/ request
2025-10-24 18:01:36,973 - INFO - Se usará 100 registros para determinar si es anomalía
2025-10-24 18:01:36,980 - INFO - Se recibió GET /series/ request
2025-10-24 18:01:36,981 - INFO - GET /series/ obtuvo 10 filas
2025-10-24 18:04:18,005 - INFO - Se recibió GET /anomaly/latest/ request
2025-10-24 18:04:18,007 - INFO - Se recibió GET /series/ request
2025-10-24 18:04:18,008 - INFO - GET /series/ obtuvo 10 filas
2025-10-24 18:04:18,010 - INFO - Se usará 100 registros para determinar si es anomalía
2025-10-24 18:05:49,412 - INFO - Se recibió GET /anomaly/latest/ request
2025-10-24 18:05:49,413 - INFO - Se recibió GET /series/ request
2025-10-24 18:05:49,415 - INFO - Se usará 100 registros para determinar si es anomalía
2025-10-24 18:05:49,418 - INFO - GET /series/ obtuvo 10 filas
2025-10-24 18:08:27,093 - INFO - Se recibió GET /anomaly/latest/ request
2025-10-24 18:08:27,094 - INFO - Se recibió GET /series/ request
2025-10-24 18:08:27,095 - INFO - GET /series/ obtuvo 10 filas
2025-10-24 18:08:27,100 - INFO - Se recibió GET /predict/next/ request
2025-10-24 18:08:27,101 - INFO - Predicción usando último registro exitosa
2025-10-24 18:08:27,105 - INFO - Se usará 100 registros para determinar si es anomalía
2025-10-24 18:09:20,901 - INFO - Se recibió GET /anomaly/latest/ request
2025-10-24 18:09:20,902 - INFO - Se recibió GET /series/ request
2025-10-24 18:09:20,904 - INFO - Se usará 100 registros para determinar si es anomalía
2025-10-24 18:09:20,904 - INFO - GET /series/ obtuvo 10 filas
2025-10-24 18:09:20,912 - INFO - Se recibió GET /predict/next/ request
2025-10-24 18:09:20,913 - INFO - Predicción usando último registro exitosa
2025-10-24 18:10:06,266 - INFO - Se recibió GET /anomaly/latest/ request
2025-10-24 18:10:06,267 - INFO - Se recibió GET /series/ request
2025-10-24 18:10:06,268 - INFO - Se recibió GET /predict/next/ request
2025-10-24 18:10:06,268 - INFO - GET /series/ obtuvo 10 filas
2025-10-24 18:10:06,269 - INFO - Predicción usando último registro exitosa
2025-10-24 18:10:06,270 - INFO - Se usará 100 registros para determinar si es anomalía
2025-10-24 18:11:15,819 - INFO - Se recibió GET /anomaly/latest/ request
2025-10-24 18:11:15,821 - INFO - Se usará 100 registros para determinar si es anomalía
2025-10-24 18:11:15,835 - INFO - Se recibió GET /series/ request
2025-10-24 18:11:15,836 - INFO - GET /series/ obtuvo 10 filas
2025-10-24 18:11:15,839 - INFO - Se recibió GET /predict/next/ request
2025-10-24 18:11:15,840 - INFO - Predicción usando último registro exitosa
2025-10-24 18:11:32,799 - INFO - Se recibió GET /anomaly/latest/ request
2025-10-24 18:11:32,801 - INFO - Se recibió GET /series/ request
2025-10-24 18:11:32,802 - INFO - GET /series/ obtuvo 10 filas
2025-10-24 18:11:32,802 - INFO - Se usará 100 registros para determinar si es anomalía
2025-10-24 18:11:32,814 - INFO - Se recibió GET /predict/next/ request
2025-10-24 18:11:32,815 - INFO - Predicción usando último registro exitosa
2025-10-24 18:12:29,076 - INFO - Se recibió GET /anomaly/latest/ request
2025-10-24 18:12:29,077 - INFO - Se recibió GET /series/ request
2025-10-24 18:12:29,078 - INFO - GET /series/ obtuvo 10 filas
2025-10-24 18:12:29,080 - INFO - Se usará 100 registros para determinar si es anomalía
2025-10-24 18:12:29,083 - INFO - Se recibió GET /predict/next/ request
2025-10-24 18:12:29,084 - INFO - Predicción usando último registro exitosa
2025-10-24 18:13:38,134 - INFO - Se recibió GET /anomaly/latest/ request
2025-10-24 18:13:38,136 - INFO - Se usará 100 registros para determinar si es anomalía
2025-10-24 18:13:38,144 - INFO - Se recibió GET /series/ request
2025-10-24 18:13:38,146 - INFO - GET /series/ obtuvo 10 filas
2025-10-24 18:13:38,153 - INFO - Se recibió GET /predict/next/ request
2025-10-24 18:13:38,155 - INFO - Predicción usando último registro exitosa
2025-10-24 18:13:54,904 - INFO - Se recibió GET /anomaly/latest/ request
2025-10-24 18:13:54,905 - INFO - Se recibió GET /predict/next/ request
2025-10-24 18:13:54,905 - INFO - Se recibió GET /series/ request
2025-10-24 18:13:54,906 - INFO - GET /series/ obtuvo 10 filas
2025-10-24 18:13:54,906 - INFO - Predicción usando último registro exitosa
2025-10-24 18:13:54,909 - INFO - Se usará 100 registros para determinar si es anomalía
2025-10-24 18:14:11,149 - INFO - Se recibió GET /anomaly/latest/ request
2025-10-24 18:14:11,149 - INFO - Se recibió GET /series/ request
2025-10-24 18:14:11,150 - INFO - GET /series/ obtuvo 10 filas
2025-10-24 18:14:11,164 - INFO - Se recibió GET /predict/next/ request
2025-10-24 18:14:11,165 - INFO - Se usará 100 registros para determinar si es anomalía
2025-10-24 18:14:11,165 - INFO - Predicción usando último registro exitosa
2025-10-24 18:18:16,142 - INFO - Se recibió GET /anomaly/latest/ request
2025-10-24 18:18:16,144 - INFO - Se recibió GET /series/ request
2025-10-24 18:18:16,145 - INFO - Se recibió GET /predict/next/ request
2025-10-24 18:18:16,145 - INFO - GET /series/ obtuvo 10 filas
2025-10-24 18:18:16,147 - INFO - Se usará 100 registros para determinar si es anomalía
2025-10-24 18:18:16,147 - INFO - Predicción usando último registro exitosa
2025-10-24 18:19:04,483 - INFO - Se recibió GET /anomaly/latest/ request
2025-10-24 18:19:04,483 - INFO - Se recibió GET /series/ request
2025-10-24 18:19:04,484 - INFO - GET /series/ obtuvo 10 filas
2025-10-24 18:19:04,487 - INFO - Se usará 100 registros para determinar si es anomalía
2025-10-24 18:19:04,491 - INFO - Se recibió GET /predict/next/ request
2025-10-24 18:19:04,492 - INFO - Predicción usando último registro exitosa
2025-10-24 18:20:37,319 - INFO - Se recibió GET /anomaly/latest/ request
2025-10-24 18:20:37,320 - INFO - Se recibió GET /series/ request
2025-10-24 18:20:37,321 - INFO - GET /series/ obtuvo 10 filas
2025-10-24 18:20:37,323 - INFO - Se usará 100 registros para determinar si es anomalía
2025-10-24 18:20:37,340 - INFO - Se recibió GET /predict/next/ request
2025-10-24 18:20:37,341 - INFO - Predicción usando último registro exitosa
2025-10-24 18:21:50,751 - INFO - Se recibió GET /anomaly/latest/ request
2025-10-24 18:21:50,753 - INFO - Se recibió GET /predict/next/ request
2025-10-24 18:21:50,753 - INFO - Se recibió GET /series/ request
2025-10-24 18:21:50,754 - INFO - Predicción usando último registro exitosa
2025-10-24 18:21:50,754 - INFO - Se usará 100 registros para determinar si es anomalía
2025-10-24 18:21:50,755 - INFO - GET /series/ obtuvo 10 filas
2025-10-24 18:22:54,405 - INFO - Se recibió GET /anomaly/latest/ request
2025-10-24 18:22:54,407 - INFO - Se usará 100 registros para determinar si es anomalía
2025-10-24 18:22:54,422 - INFO - Se recibió GET /series/ request
2025-10-24 18:22:54,424 - INFO - GET /series/ obtuvo 10 filas
2025-10-24 18:22:54,424 - INFO - Se recibió GET /predict/next/ request
2025-10-24 18:22:54,426 - INFO - Predicción usando último registro exitosa
2025-10-24 18:24:15,065 - INFO - Se recibió GET /anomaly/latest/ request
2025-10-24 18:24:15,066 - INFO - Se recibió GET /series/ request
2025-10-24 18:24:15,067 - INFO - Se recibió GET /predict/next/ request
2025-10-24 18:24:15,067 - INFO - GET /series/ obtuvo 10 filas
2025-10-24 18:24:15,068 - INFO - Predicción usando último registro exitosa
2025-10-24 18:24:15,070 - INFO - Se usará 100 registros para determinar si es anomalía
2025-10-24 18:24:55,291 - INFO - Se recibió GET /anomaly/latest/ request
2025-10-24 18:24:55,293 - INFO - Se recibió GET /series/ request
2025-10-24 18:24:55,294 - INFO - Se recibió GET /predict/next/ request
2025-10-24 18:24:55,295 - INFO - GET /series/ obtuvo 10 filas
2025-10-24 18:24:55,295 - INFO - Se usará 100 registros para determinar si es anomalía
2025-10-24 18:24:55,297 - INFO - Predicción usando último registro exitosa
2025-10-24 18:26:08,432 - INFO - Se recibió GET /anomaly/latest/ request
2025-10-24 18:26:08,433 - INFO - Se recibió GET /predict/next/ request
2025-10-24 18:26:08,433 - INFO - Se recibió GET /series/ request
2025-10-24 18:26:08,434 - INFO - Predicción usando último registro exitosa
2025-10-24 18:26:08,435 - INFO - Se usará 100 registros para determinar si es anomalía
2025-10-24 18:26:08,438 - INFO - GET /series/ obtuvo 10 filas
2025-10-24 18:31:02,288 - INFO - Se recibió GET /predict/next/ request
2025-10-24 18:31:02,289 - INFO - Se recibió GET /anomaly/latest/ request
2025-10-24 18:31:02,289 - INFO - Se recibió GET /series/ request
2025-10-24 18:31:02,290 - INFO - GET /series/ obtuvo 10 filas
2025-10-24 18:31:02,291 - INFO - Se usará 100 registros para determinar si es anomalía
2025-10-24 18:31:02,301 - INFO - Predicción usando último registro exitosa
2025-10-24 18:31:59,958 - INFO - Se recibió GET /anomaly/latest/ request
2025-10-24 18:31:59,959 - INFO - Se recibió GET /series/ request
2025-10-24 18:31:59,960 - INFO - Se recibió GET /predict/next/ request
2025-10-24 18:31:59,960 - INFO - GET /series/ obtuvo 10 filas
2025-10-24 18:31:59,961 - INFO - Predicción usando último registro exitosa
2025-10-24 18:31:59,963 - INFO - Se usará 100 registros para determinar si es anomalía
2025-10-24 18:32:24,665 - INFO - Se recibió GET /anomaly/latest/ request
2025-10-24 18:32:24,665 - INFO - Se recibió GET /series/ request
2025-10-24 18:32:24,666 - INFO - Se recibió GET /predict/next/ request
2025-10-24 18:32:24,667 - INFO - GET /series/ obtuvo 10 filas
2025-10-24 18:32:24,667 - INFO - Predicción usando último registro exitosa
2025-10-24 18:32:24,669 - INFO - Se usará 100 registros para determinar si es anomalía
2025-10-24 18:34:28,766 - INFO - Se recibió GET /anomaly/latest/ request
2025-10-24 18:34:28,767 - INFO - Se recibió GET /series/ request
2025-10-24 18:34:28,768 - INFO - Se recibió GET /predict/next/ request
2025-10-24 18:34:28,768 - INFO - GET /series/ obtuvo 10 filas
2025-10-24 18:34:28,769 - INFO - Predicción usando último registro exitosa
2025-10-24 18:34:28,770 - INFO - Se usará 100 registros para determinar si es anomalía
2025-10-24 18:34:46,480 - INFO - Se recibió GET /anomaly/latest/ request
2025-10-24 18:34:46,481 - INFO - Se recibió GET /series/ request
2025-10-24 18:34:46,482 - INFO - GET /series/ obtuvo 10 filas
2025-10-24 18:34:46,484 - INFO - Se usará 100 registros para determinar si es anomalía
2025-10-24 18:34:46,488 - INFO - Se recibió GET /predict/next/ request
2025-10-24 18:34:46,489 - INFO - Predicción usando último registro exitosa
2025-10-24 18:42:37,600 - INFO - Se recibió GET /anomaly/latest/ request
2025-10-24 18:42:37,602 - INFO - Se recibió GET /series/ request
2025-10-24 18:42:37,603 - INFO - Se recibió GET /predict/next/ request
2025-10-24 18:42:37,603 - INFO - GET /series/ obtuvo 10 filas
2025-10-24 18:42:37,604 - INFO - Predicción usando último registro exitosa
2025-10-24 18:42:37,606 - INFO - Se usará 100 registros para determinar si es anomalía
2025-10-24 18:42:52,143 - INFO - Se recibió GET /anomaly/latest/ request
2025-10-24 18:42:52,144 - INFO - Se usará 100 registros para determinar si es anomalía
2025-10-24 18:42:52,152 - INFO - Se recibió GET /series/ request
2025-10-24 18:42:52,152 - INFO - Se recibió GET /predict/next/ request
2025-10-24 18:42:52,153 - INFO - GET /series/ obtuvo 10 filas
2025-10-24 18:42:52,153 - INFO - Predicción usando último registro exitosa
2025-10-24 18:47:33,447 - INFO - Se recibió GET /anomaly/latest/ request
2025-10-24 18:47:33,448 - INFO - Se recibió GET /series/ request
2025-10-24 18:47:33,450 - INFO - GET /series/ obtuvo 10 filas
2025-10-24 18:47:33,452 - INFO - Se usará 100 registros para determinar si es anomalía
2025-10-24 18:47:33,454 - INFO - Se recibió GET /predict/next/ request
2025-10-24 18:47:33,456 - INFO - Predicción usando último registro exitosa
2025-10-24 18:47:57,584 - INFO - Se recibió GET /anomaly/latest/ request
2025-10-24 18:47:57,586 - INFO - Se recibió GET /series/ request
2025-10-24 18:47:57,588 - INFO - Se recibió GET /predict/next/ request
2025-10-24 18:47:57,588 - INFO - GET /series/ obtuvo 10 filas
2025-10-24 18:47:57,589 - INFO - Se usará 100 registros para determinar si es anomalía
2025-10-24 18:47:57,590 - INFO - Predicción usando último registro exitosa
2025-10-24 18:50:56,436 - INFO - Se recibió GET /anomaly/latest/ request
2025-10-24 18:50:56,437 - INFO - Se recibió GET /series/ request
2025-10-24 18:50:56,438 - INFO - Se recibió GET /predict/next/ request
2025-10-24 18:50:56,438 - INFO - GET /series/ obtuvo 10 filas
2025-10-24 18:50:56,439 - INFO - Predicción usando último registro exitosa
2025-10-24 18:50:56,440 - INFO - Se usará 100 registros para determinar si es anomalía
2025-10-24 19:00:59,135 - INFO - Se recibió GET /anomaly/latest/ request
2025-10-24 19:00:59,137 - INFO - Se recibió GET /series/ request
2025-10-24 19:00:59,138 - INFO - Se recibió GET /predict/next/ request
2025-10-24 19:00:59,139 - INFO - GET /series/ obtuvo 10 filas
2025-10-24 19:00:59,140 - INFO - Se usará 100 registros para determinar si es anomalía
2025-10-24 19:00:59,140 - INFO - Predicción usando último registro exitosa
2025-10-24 19:06:43,328 - INFO - Se recibió GET /anomaly/latest/ request
2025-10-24 19:06:43,328 - INFO - Se recibió GET /series/ request
2025-10-24 19:06:43,329 - INFO - Se recibió GET /predict/next/ request
2025-10-24 19:06:43,330 - INFO - Predicción usando último registro exitosa
2025-10-24 19:06:43,331 - INFO - GET /series/ obtuvo 10 filas
2025-10-24 19:06:43,333 - INFO - Se usará 100 registros para determinar si es anomalía
2025-10-24 19:06:44,139 - INFO - Se recibió GET /anomaly/latest/ request
2025-10-24 19:06:44,139 - INFO - Se recibió GET /series/ request
2025-10-24 19:06:44,139 - INFO - Se recibió GET /predict/next/ request
2025-10-24 19:06:44,140 - INFO - GET /series/ obtuvo 10 filas
2025-10-24 19:06:44,140 - INFO - Predicción usando último registro exitosa
2025-10-24 19:06:44,151 - INFO - Se usará 100 registros para determinar si es anomalía
